Starting ProductCategoryRepositoryTest on AFOIG-801172222 with PID 11240 (started by Administrator in C:\Users\Administrator\Documents\sell)
No active profile set, falling back to default profiles: default
Refreshing org.springframework.context.annotation.AnnotationConfigApplicationContext@2034b64c: startup date [Mon Jul 08 22:15:02 CST 2019]; root of context hierarchy
Building JPA container EntityManagerFactory for persistence unit 'default'
HHH000204: Processing PersistenceUnitInfo [
	name: default
	...]
HHH000412: Hibernate Core {5.0.12.Final}
HHH000206: hibernate.properties not found
HHH000021: Bytecode provider name : javassist
HCANN000001: Hibernate Commons Annotations {5.0.1.Final}
HHH000400: Using dialect: org.hibernate.dialect.MySQL5Dialect
Initialized JPA EntityManagerFactory for persistence unit 'default'
Started ProductCategoryRepositoryTest in 10.793 seconds (JVM running for 13.083)
Closing org.springframework.context.annotation.AnnotationConfigApplicationContext@2034b64c: startup date [Mon Jul 08 22:15:02 CST 2019]; root of context hierarchy
Closing JPA EntityManagerFactory for persistence unit 'default'
Starting ProductCategoryRepositoryTest on AFOIG-801172222 with PID 10136 (started by Administrator in C:\Users\Administrator\Documents\sell)
No active profile set, falling back to default profiles: default
Refreshing org.springframework.context.annotation.AnnotationConfigApplicationContext@75d3a5e0: startup date [Mon Jul 08 22:16:16 CST 2019]; root of context hierarchy
Building JPA container EntityManagerFactory for persistence unit 'default'
HHH000204: Processing PersistenceUnitInfo [
	name: default
	...]
HHH000412: Hibernate Core {5.0.12.Final}
HHH000206: hibernate.properties not found
HHH000021: Bytecode provider name : javassist
HCANN000001: Hibernate Commons Annotations {5.0.1.Final}
HHH000400: Using dialect: org.hibernate.dialect.MySQL5Dialect
Initialized JPA EntityManagerFactory for persistence unit 'default'
Started ProductCategoryRepositoryTest in 7.265 seconds (JVM running for 9.418)
Closing org.springframework.context.annotation.AnnotationConfigApplicationContext@75d3a5e0: startup date [Mon Jul 08 22:16:16 CST 2019]; root of context hierarchy
Closing JPA EntityManagerFactory for persistence unit 'default'
Starting ProductCategoryRepositoryTest on AFOIG-801172222 with PID 10300 (started by Administrator in C:\Users\Administrator\Documents\sell)
No active profile set, falling back to default profiles: default
Refreshing org.springframework.context.annotation.AnnotationConfigApplicationContext@75d3a5e0: startup date [Mon Jul 08 22:17:17 CST 2019]; root of context hierarchy
Building JPA container EntityManagerFactory for persistence unit 'default'
HHH000204: Processing PersistenceUnitInfo [
	name: default
	...]
HHH000412: Hibernate Core {5.0.12.Final}
HHH000206: hibernate.properties not found
HHH000021: Bytecode provider name : javassist
HCANN000001: Hibernate Commons Annotations {5.0.1.Final}
HHH000400: Using dialect: org.hibernate.dialect.MySQL5Dialect
Initialized JPA EntityManagerFactory for persistence unit 'default'
Started ProductCategoryRepositoryTest in 6.601 seconds (JVM running for 8.255)
Closing org.springframework.context.annotation.AnnotationConfigApplicationContext@75d3a5e0: startup date [Mon Jul 08 22:17:17 CST 2019]; root of context hierarchy
Closing JPA EntityManagerFactory for persistence unit 'default'
Starting ProductCategoryRepositoryTest on AFOIG-801172222 with PID 5480 (started by Administrator in C:\Users\Administrator\Documents\sell)
No active profile set, falling back to default profiles: default
Refreshing org.springframework.context.annotation.AnnotationConfigApplicationContext@cb0755b: startup date [Mon Jul 08 22:20:02 CST 2019]; root of context hierarchy
Building JPA container EntityManagerFactory for persistence unit 'default'
HHH000204: Processing PersistenceUnitInfo [
	name: default
	...]
HHH000412: Hibernate Core {5.0.12.Final}
HHH000206: hibernate.properties not found
HHH000021: Bytecode provider name : javassist
HCANN000001: Hibernate Commons Annotations {5.0.1.Final}
HHH000400: Using dialect: org.hibernate.dialect.MySQL5Dialect
Initialized JPA EntityManagerFactory for persistence unit 'default'
Started ProductCategoryRepositoryTest in 6.692 seconds (JVM running for 8.384)
Closing org.springframework.context.annotation.AnnotationConfigApplicationContext@cb0755b: startup date [Mon Jul 08 22:20:02 CST 2019]; root of context hierarchy
Closing JPA EntityManagerFactory for persistence unit 'default'
Starting ProductCategoryRepositoryTest on AFOIG-801172222 with PID 5320 (started by Administrator in C:\Users\Administrator\Documents\sell)
No active profile set, falling back to default profiles: default
Refreshing org.springframework.context.annotation.AnnotationConfigApplicationContext@cb0755b: startup date [Mon Jul 08 22:29:19 CST 2019]; root of context hierarchy
Building JPA container EntityManagerFactory for persistence unit 'default'
HHH000204: Processing PersistenceUnitInfo [
	name: default
	...]
HHH000412: Hibernate Core {5.0.12.Final}
HHH000206: hibernate.properties not found
HHH000021: Bytecode provider name : javassist
HCANN000001: Hibernate Commons Annotations {5.0.1.Final}
HHH000400: Using dialect: org.hibernate.dialect.MySQL5Dialect
Initialized JPA EntityManagerFactory for persistence unit 'default'
Started ProductCategoryRepositoryTest in 7.071 seconds (JVM running for 8.823)
Closing org.springframework.context.annotation.AnnotationConfigApplicationContext@cb0755b: startup date [Mon Jul 08 22:29:19 CST 2019]; root of context hierarchy
Closing JPA EntityManagerFactory for persistence unit 'default'
Starting ProductCategoryRepositoryTest on AFOIG-801172222 with PID 3776 (started by Administrator in C:\Users\Administrator\Documents\sell)
No active profile set, falling back to default profiles: default
Refreshing org.springframework.context.annotation.AnnotationConfigApplicationContext@cb0755b: startup date [Mon Jul 08 22:29:48 CST 2019]; root of context hierarchy
Building JPA container EntityManagerFactory for persistence unit 'default'
HHH000204: Processing PersistenceUnitInfo [
	name: default
	...]
HHH000412: Hibernate Core {5.0.12.Final}
HHH000206: hibernate.properties not found
HHH000021: Bytecode provider name : javassist
HCANN000001: Hibernate Commons Annotations {5.0.1.Final}
HHH000400: Using dialect: org.hibernate.dialect.MySQL5Dialect
Initialized JPA EntityManagerFactory for persistence unit 'default'
Started ProductCategoryRepositoryTest in 7.427 seconds (JVM running for 9.138)
SQL Error: 1048, SQLState: 23000
Closing org.springframework.context.annotation.AnnotationConfigApplicationContext@cb0755b: startup date [Mon Jul 08 22:29:48 CST 2019]; root of context hierarchy
Closing JPA EntityManagerFactory for persistence unit 'default'
Starting ProductCategoryRepositoryTest on AFOIG-801172222 with PID 4296 (started by Administrator in C:\Users\Administrator\Documents\sell)
No active profile set, falling back to default profiles: default
Refreshing org.springframework.context.annotation.AnnotationConfigApplicationContext@cb0755b: startup date [Mon Jul 08 22:31:56 CST 2019]; root of context hierarchy
Building JPA container EntityManagerFactory for persistence unit 'default'
HHH000204: Processing PersistenceUnitInfo [
	name: default
	...]
HHH000412: Hibernate Core {5.0.12.Final}
HHH000206: hibernate.properties not found
HHH000021: Bytecode provider name : javassist
HCANN000001: Hibernate Commons Annotations {5.0.1.Final}
HHH000400: Using dialect: org.hibernate.dialect.MySQL5Dialect
Initialized JPA EntityManagerFactory for persistence unit 'default'
Started ProductCategoryRepositoryTest in 7.28 seconds (JVM running for 9.004)
Closing org.springframework.context.annotation.AnnotationConfigApplicationContext@cb0755b: startup date [Mon Jul 08 22:31:56 CST 2019]; root of context hierarchy
Closing JPA EntityManagerFactory for persistence unit 'default'
Starting ProductCategoryRepositoryTest on AFOIG-801172222 with PID 3788 (started by Administrator in C:\Users\Administrator\Documents\sell)
No active profile set, falling back to default profiles: default
Refreshing org.springframework.context.annotation.AnnotationConfigApplicationContext@cb0755b: startup date [Mon Jul 08 22:32:23 CST 2019]; root of context hierarchy
Building JPA container EntityManagerFactory for persistence unit 'default'
HHH000204: Processing PersistenceUnitInfo [
	name: default
	...]
HHH000412: Hibernate Core {5.0.12.Final}
HHH000206: hibernate.properties not found
HHH000021: Bytecode provider name : javassist
HCANN000001: Hibernate Commons Annotations {5.0.1.Final}
HHH000400: Using dialect: org.hibernate.dialect.MySQL5Dialect
Initialized JPA EntityManagerFactory for persistence unit 'default'
Started ProductCategoryRepositoryTest in 7.286 seconds (JVM running for 9.015)
Closing org.springframework.context.annotation.AnnotationConfigApplicationContext@cb0755b: startup date [Mon Jul 08 22:32:23 CST 2019]; root of context hierarchy
Closing JPA EntityManagerFactory for persistence unit 'default'
Starting ProductCategoryRepositoryTest on AFOIG-801172222 with PID 324 (started by Administrator in C:\Users\Administrator\Documents\sell)
No active profile set, falling back to default profiles: default
Refreshing org.springframework.context.annotation.AnnotationConfigApplicationContext@cb0755b: startup date [Mon Jul 08 22:33:15 CST 2019]; root of context hierarchy
Building JPA container EntityManagerFactory for persistence unit 'default'
HHH000204: Processing PersistenceUnitInfo [
	name: default
	...]
HHH000412: Hibernate Core {5.0.12.Final}
HHH000206: hibernate.properties not found
HHH000021: Bytecode provider name : javassist
HCANN000001: Hibernate Commons Annotations {5.0.1.Final}
HHH000400: Using dialect: org.hibernate.dialect.MySQL5Dialect
Initialized JPA EntityManagerFactory for persistence unit 'default'
Started ProductCategoryRepositoryTest in 6.922 seconds (JVM running for 8.611)
Closing org.springframework.context.annotation.AnnotationConfigApplicationContext@cb0755b: startup date [Mon Jul 08 22:33:15 CST 2019]; root of context hierarchy
Closing JPA EntityManagerFactory for persistence unit 'default'
Starting ProductCategoryRepositoryTest on AFOIG-801172222 with PID 7272 (started by Administrator in C:\Users\Administrator\Documents\sell)
No active profile set, falling back to default profiles: default
Refreshing org.springframework.context.annotation.AnnotationConfigApplicationContext@196a42c3: startup date [Mon Jul 08 22:34:37 CST 2019]; root of context hierarchy
Building JPA container EntityManagerFactory for persistence unit 'default'
HHH000204: Processing PersistenceUnitInfo [
	name: default
	...]
HHH000412: Hibernate Core {5.0.12.Final}
HHH000206: hibernate.properties not found
HHH000021: Bytecode provider name : javassist
HCANN000001: Hibernate Commons Annotations {5.0.1.Final}
HHH000400: Using dialect: org.hibernate.dialect.MySQL5Dialect
Initialized JPA EntityManagerFactory for persistence unit 'default'
Started ProductCategoryRepositoryTest in 7.23 seconds (JVM running for 9.007)
Closing org.springframework.context.annotation.AnnotationConfigApplicationContext@196a42c3: startup date [Mon Jul 08 22:34:37 CST 2019]; root of context hierarchy
Closing JPA EntityManagerFactory for persistence unit 'default'
Starting ProductCategoryRepositoryTest on AFOIG-801172222 with PID 2516 (started by Administrator in C:\Users\Administrator\Documents\sell)
No active profile set, falling back to default profiles: default
Refreshing org.springframework.context.annotation.AnnotationConfigApplicationContext@6bbe85a8: startup date [Mon Jul 08 22:36:09 CST 2019]; root of context hierarchy
Building JPA container EntityManagerFactory for persistence unit 'default'
HHH000204: Processing PersistenceUnitInfo [
	name: default
	...]
HHH000412: Hibernate Core {5.0.12.Final}
HHH000206: hibernate.properties not found
HHH000021: Bytecode provider name : javassist
HCANN000001: Hibernate Commons Annotations {5.0.1.Final}
HHH000400: Using dialect: org.hibernate.dialect.MySQL5Dialect
Initialized JPA EntityManagerFactory for persistence unit 'default'
Started ProductCategoryRepositoryTest in 7.947 seconds (JVM running for 9.832)
Closing org.springframework.context.annotation.AnnotationConfigApplicationContext@6bbe85a8: startup date [Mon Jul 08 22:36:09 CST 2019]; root of context hierarchy
Closing JPA EntityManagerFactory for persistence unit 'default'
Starting ProductCategoryRepositoryTest on AFOIG-801172222 with PID 3292 (started by Administrator in C:\Users\Administrator\Documents\sell)
No active profile set, falling back to default profiles: default
Refreshing org.springframework.context.annotation.AnnotationConfigApplicationContext@196a42c3: startup date [Mon Jul 08 22:37:19 CST 2019]; root of context hierarchy
Building JPA container EntityManagerFactory for persistence unit 'default'
HHH000204: Processing PersistenceUnitInfo [
	name: default
	...]
HHH000412: Hibernate Core {5.0.12.Final}
HHH000206: hibernate.properties not found
HHH000021: Bytecode provider name : javassist
HCANN000001: Hibernate Commons Annotations {5.0.1.Final}
HHH000400: Using dialect: org.hibernate.dialect.MySQL5Dialect
Initialized JPA EntityManagerFactory for persistence unit 'default'
Started ProductCategoryRepositoryTest in 7.148 seconds (JVM running for 8.936)
Closing org.springframework.context.annotation.AnnotationConfigApplicationContext@196a42c3: startup date [Mon Jul 08 22:37:19 CST 2019]; root of context hierarchy
Closing JPA EntityManagerFactory for persistence unit 'default'
Starting ProductCategoryRepositoryTest on AFOIG-801172222 with PID 4024 (started by Administrator in C:\Users\Administrator\Documents\sell)
No active profile set, falling back to default profiles: default
Refreshing org.springframework.context.annotation.AnnotationConfigApplicationContext@6bbe85a8: startup date [Mon Jul 08 22:38:22 CST 2019]; root of context hierarchy
Building JPA container EntityManagerFactory for persistence unit 'default'
HHH000204: Processing PersistenceUnitInfo [
	name: default
	...]
HHH000412: Hibernate Core {5.0.12.Final}
HHH000206: hibernate.properties not found
HHH000021: Bytecode provider name : javassist
HCANN000001: Hibernate Commons Annotations {5.0.1.Final}
HHH000400: Using dialect: org.hibernate.dialect.MySQL5Dialect
Initialized JPA EntityManagerFactory for persistence unit 'default'
Started ProductCategoryRepositoryTest in 7.855 seconds (JVM running for 9.503)
Closing org.springframework.context.annotation.AnnotationConfigApplicationContext@6bbe85a8: startup date [Mon Jul 08 22:38:22 CST 2019]; root of context hierarchy
Closing JPA EntityManagerFactory for persistence unit 'default'
Starting ProductCategoryRepositoryTest on AFOIG-801172222 with PID 3484 (started by Administrator in C:\Users\Administrator\Documents\sell)
No active profile set, falling back to default profiles: default
Refreshing org.springframework.context.annotation.AnnotationConfigApplicationContext@cb0755b: startup date [Mon Jul 08 22:39:07 CST 2019]; root of context hierarchy
Building JPA container EntityManagerFactory for persistence unit 'default'
HHH000204: Processing PersistenceUnitInfo [
	name: default
	...]
HHH000412: Hibernate Core {5.0.12.Final}
HHH000206: hibernate.properties not found
HHH000021: Bytecode provider name : javassist
HCANN000001: Hibernate Commons Annotations {5.0.1.Final}
HHH000400: Using dialect: org.hibernate.dialect.MySQL5Dialect
Initialized JPA EntityManagerFactory for persistence unit 'default'
Started ProductCategoryRepositoryTest in 6.989 seconds (JVM running for 8.697)
Closing org.springframework.context.annotation.AnnotationConfigApplicationContext@cb0755b: startup date [Mon Jul 08 22:39:07 CST 2019]; root of context hierarchy
Closing JPA EntityManagerFactory for persistence unit 'default'
Starting ProductCategoryRepositoryTest on AFOIG-801172222 with PID 996 (started by Administrator in C:\Users\Administrator\Documents\sell)
No active profile set, falling back to default profiles: default
Refreshing org.springframework.context.annotation.AnnotationConfigApplicationContext@cb0755b: startup date [Mon Jul 08 22:39:51 CST 2019]; root of context hierarchy
Building JPA container EntityManagerFactory for persistence unit 'default'
HHH000204: Processing PersistenceUnitInfo [
	name: default
	...]
HHH000412: Hibernate Core {5.0.12.Final}
HHH000206: hibernate.properties not found
HHH000021: Bytecode provider name : javassist
HCANN000001: Hibernate Commons Annotations {5.0.1.Final}
HHH000400: Using dialect: org.hibernate.dialect.MySQL5Dialect
Initialized JPA EntityManagerFactory for persistence unit 'default'
Started ProductCategoryRepositoryTest in 7.243 seconds (JVM running for 8.886)
Closing org.springframework.context.annotation.AnnotationConfigApplicationContext@cb0755b: startup date [Mon Jul 08 22:39:51 CST 2019]; root of context hierarchy
Closing JPA EntityManagerFactory for persistence unit 'default'
Starting ProductCategoryRepositoryTest on AFOIG-801172222 with PID 2528 (started by Administrator in C:\Users\Administrator\Documents\sell)
No active profile set, falling back to default profiles: default
Refreshing org.springframework.context.annotation.AnnotationConfigApplicationContext@5c87bfe2: startup date [Mon Jul 08 22:40:47 CST 2019]; root of context hierarchy
Building JPA container EntityManagerFactory for persistence unit 'default'
HHH000204: Processing PersistenceUnitInfo [
	name: default
	...]
HHH000412: Hibernate Core {5.0.12.Final}
HHH000206: hibernate.properties not found
HHH000021: Bytecode provider name : javassist
HCANN000001: Hibernate Commons Annotations {5.0.1.Final}
HHH000400: Using dialect: org.hibernate.dialect.MySQL5Dialect
Initialized JPA EntityManagerFactory for persistence unit 'default'
Started ProductCategoryRepositoryTest in 7.663 seconds (JVM running for 10.477)
Closing org.springframework.context.annotation.AnnotationConfigApplicationContext@5c87bfe2: startup date [Mon Jul 08 22:40:47 CST 2019]; root of context hierarchy
Closing JPA EntityManagerFactory for persistence unit 'default'
Starting ProductCategoryRepositoryTest on AFOIG-801172222 with PID 9900 (started by Administrator in C:\Users\Administrator\Documents\sell)
No active profile set, falling back to default profiles: default
Refreshing org.springframework.context.annotation.AnnotationConfigApplicationContext@cb0755b: startup date [Mon Jul 08 22:45:04 CST 2019]; root of context hierarchy
Building JPA container EntityManagerFactory for persistence unit 'default'
HHH000204: Processing PersistenceUnitInfo [
	name: default
	...]
HHH000412: Hibernate Core {5.0.12.Final}
HHH000206: hibernate.properties not found
HHH000021: Bytecode provider name : javassist
HCANN000001: Hibernate Commons Annotations {5.0.1.Final}
HHH000400: Using dialect: org.hibernate.dialect.MySQL5Dialect
Initialized JPA EntityManagerFactory for persistence unit 'default'
Started ProductCategoryRepositoryTest in 7.471 seconds (JVM running for 9.28)
Closing org.springframework.context.annotation.AnnotationConfigApplicationContext@cb0755b: startup date [Mon Jul 08 22:45:04 CST 2019]; root of context hierarchy
Closing JPA EntityManagerFactory for persistence unit 'default'
Starting ProductCategoryRepositoryTest on AFOIG-801172222 with PID 7200 (started by Administrator in C:\Users\Administrator\Documents\sell)
No active profile set, falling back to default profiles: default
Refreshing org.springframework.context.annotation.AnnotationConfigApplicationContext@cb0755b: startup date [Mon Jul 08 22:45:51 CST 2019]; root of context hierarchy
Building JPA container EntityManagerFactory for persistence unit 'default'
HHH000204: Processing PersistenceUnitInfo [
	name: default
	...]
HHH000412: Hibernate Core {5.0.12.Final}
HHH000206: hibernate.properties not found
HHH000021: Bytecode provider name : javassist
HCANN000001: Hibernate Commons Annotations {5.0.1.Final}
HHH000400: Using dialect: org.hibernate.dialect.MySQL5Dialect
Initialized JPA EntityManagerFactory for persistence unit 'default'
Started ProductCategoryRepositoryTest in 7.454 seconds (JVM running for 9.489)
Closing org.springframework.context.annotation.AnnotationConfigApplicationContext@cb0755b: startup date [Mon Jul 08 22:45:51 CST 2019]; root of context hierarchy
Closing JPA EntityManagerFactory for persistence unit 'default'
Starting ProductCategoryRepositoryTest on AFOIG-801172222 with PID 8524 (started by Administrator in C:\Users\Administrator\Documents\sell)
No active profile set, falling back to default profiles: default
Refreshing org.springframework.context.annotation.AnnotationConfigApplicationContext@6bbe85a8: startup date [Mon Jul 08 22:50:48 CST 2019]; root of context hierarchy
Building JPA container EntityManagerFactory for persistence unit 'default'
HHH000204: Processing PersistenceUnitInfo [
	name: default
	...]
HHH000412: Hibernate Core {5.0.12.Final}
HHH000206: hibernate.properties not found
HHH000021: Bytecode provider name : javassist
HCANN000001: Hibernate Commons Annotations {5.0.1.Final}
HHH000400: Using dialect: org.hibernate.dialect.MySQL5Dialect
Initialized JPA EntityManagerFactory for persistence unit 'default'
Started ProductCategoryRepositoryTest in 10.687 seconds (JVM running for 12.988)
Closing org.springframework.context.annotation.AnnotationConfigApplicationContext@6bbe85a8: startup date [Mon Jul 08 22:50:48 CST 2019]; root of context hierarchy
Closing JPA EntityManagerFactory for persistence unit 'default'
Starting ProductCategoryRepositoryTest on AFOIG-801172222 with PID 8188 (started by Administrator in C:\Users\Administrator\Documents\sell)
No active profile set, falling back to default profiles: default
Refreshing org.springframework.context.annotation.AnnotationConfigApplicationContext@196a42c3: startup date [Mon Jul 08 22:50:59 CST 2019]; root of context hierarchy
Building JPA container EntityManagerFactory for persistence unit 'default'
HHH000204: Processing PersistenceUnitInfo [
	name: default
	...]
HHH000412: Hibernate Core {5.0.12.Final}
HHH000206: hibernate.properties not found
HHH000021: Bytecode provider name : javassist
HCANN000001: Hibernate Commons Annotations {5.0.1.Final}
HHH000400: Using dialect: org.hibernate.dialect.MySQL5Dialect
Initialized JPA EntityManagerFactory for persistence unit 'default'
Started ProductCategoryRepositoryTest in 9.042 seconds (JVM running for 11.27)
Closing org.springframework.context.annotation.AnnotationConfigApplicationContext@196a42c3: startup date [Mon Jul 08 22:50:59 CST 2019]; root of context hierarchy
Closing JPA EntityManagerFactory for persistence unit 'default'
Starting ProductCategoryRepositoryTest on AFOIG-801172222 with PID 1040 (started by Administrator in C:\Users\Administrator\Documents\sell)
No active profile set, falling back to default profiles: default
Refreshing org.springframework.context.annotation.AnnotationConfigApplicationContext@196a42c3: startup date [Mon Jul 08 22:54:01 CST 2019]; root of context hierarchy
Building JPA container EntityManagerFactory for persistence unit 'default'
HHH000204: Processing PersistenceUnitInfo [
	name: default
	...]
HHH000412: Hibernate Core {5.0.12.Final}
HHH000206: hibernate.properties not found
HHH000021: Bytecode provider name : javassist
HCANN000001: Hibernate Commons Annotations {5.0.1.Final}
HHH000400: Using dialect: org.hibernate.dialect.MySQL5Dialect
Initialized JPA EntityManagerFactory for persistence unit 'default'
Started ProductCategoryRepositoryTest in 7.258 seconds (JVM running for 9.097)
SQL Error: 1048, SQLState: 23000
HHH000010: On release of batch it still contained JDBC statements
Closing org.springframework.context.annotation.AnnotationConfigApplicationContext@196a42c3: startup date [Mon Jul 08 22:54:01 CST 2019]; root of context hierarchy
Closing JPA EntityManagerFactory for persistence unit 'default'
Starting ProductCategoryRepositoryTest on AFOIG-801172222 with PID 10668 (started by Administrator in C:\Users\Administrator\Documents\sell)
No active profile set, falling back to default profiles: default
Refreshing org.springframework.context.annotation.AnnotationConfigApplicationContext@196a42c3: startup date [Mon Jul 08 22:55:00 CST 2019]; root of context hierarchy
Building JPA container EntityManagerFactory for persistence unit 'default'
HHH000204: Processing PersistenceUnitInfo [
	name: default
	...]
HHH000412: Hibernate Core {5.0.12.Final}
HHH000206: hibernate.properties not found
HHH000021: Bytecode provider name : javassist
HCANN000001: Hibernate Commons Annotations {5.0.1.Final}
HHH000400: Using dialect: org.hibernate.dialect.MySQL5Dialect
Initialized JPA EntityManagerFactory for persistence unit 'default'
Started ProductCategoryRepositoryTest in 7.207 seconds (JVM running for 9.015)
SQL Error: 1048, SQLState: 23000
HHH000010: On release of batch it still contained JDBC statements
Closing org.springframework.context.annotation.AnnotationConfigApplicationContext@196a42c3: startup date [Mon Jul 08 22:55:00 CST 2019]; root of context hierarchy
Closing JPA EntityManagerFactory for persistence unit 'default'
Starting ProductCategoryRepositoryTest on AFOIG-801172222 with PID 10536 (started by Administrator in C:\Users\Administrator\Documents\sell)
No active profile set, falling back to default profiles: default
Refreshing org.springframework.context.annotation.AnnotationConfigApplicationContext@196a42c3: startup date [Mon Jul 08 22:56:33 CST 2019]; root of context hierarchy
Building JPA container EntityManagerFactory for persistence unit 'default'
HHH000204: Processing PersistenceUnitInfo [
	name: default
	...]
HHH000412: Hibernate Core {5.0.12.Final}
HHH000206: hibernate.properties not found
HHH000021: Bytecode provider name : javassist
HCANN000001: Hibernate Commons Annotations {5.0.1.Final}
HHH000400: Using dialect: org.hibernate.dialect.MySQL5Dialect
Initialized JPA EntityManagerFactory for persistence unit 'default'
Started ProductCategoryRepositoryTest in 6.914 seconds (JVM running for 8.474)
SQL Error: 1048, SQLState: 23000
HHH000010: On release of batch it still contained JDBC statements
Closing org.springframework.context.annotation.AnnotationConfigApplicationContext@196a42c3: startup date [Mon Jul 08 22:56:33 CST 2019]; root of context hierarchy
Closing JPA EntityManagerFactory for persistence unit 'default'
Starting ProductCategoryRepositoryTest on AFOIG-801172222 with PID 832 (started by Administrator in C:\Users\Administrator\Documents\sell)
No active profile set, falling back to default profiles: default
Refreshing org.springframework.context.annotation.AnnotationConfigApplicationContext@196a42c3: startup date [Mon Jul 08 22:57:07 CST 2019]; root of context hierarchy
Building JPA container EntityManagerFactory for persistence unit 'default'
HHH000204: Processing PersistenceUnitInfo [
	name: default
	...]
HHH000412: Hibernate Core {5.0.12.Final}
HHH000206: hibernate.properties not found
HHH000021: Bytecode provider name : javassist
HCANN000001: Hibernate Commons Annotations {5.0.1.Final}
HHH000400: Using dialect: org.hibernate.dialect.MySQL5Dialect
Initialized JPA EntityManagerFactory for persistence unit 'default'
Started ProductCategoryRepositoryTest in 7.003 seconds (JVM running for 8.65)
Closing org.springframework.context.annotation.AnnotationConfigApplicationContext@196a42c3: startup date [Mon Jul 08 22:57:07 CST 2019]; root of context hierarchy
Closing JPA EntityManagerFactory for persistence unit 'default'
Starting ProductCategoryRepositoryTest on AFOIG-801172222 with PID 3872 (started by Administrator in C:\Users\Administrator\Documents\sell)
No active profile set, falling back to default profiles: default
Refreshing org.springframework.context.annotation.AnnotationConfigApplicationContext@cb0755b: startup date [Mon Jul 08 22:57:32 CST 2019]; root of context hierarchy
Building JPA container EntityManagerFactory for persistence unit 'default'
HHH000204: Processing PersistenceUnitInfo [
	name: default
	...]
HHH000412: Hibernate Core {5.0.12.Final}
HHH000206: hibernate.properties not found
HHH000021: Bytecode provider name : javassist
HCANN000001: Hibernate Commons Annotations {5.0.1.Final}
HHH000400: Using dialect: org.hibernate.dialect.MySQL5Dialect
Initialized JPA EntityManagerFactory for persistence unit 'default'
Started ProductCategoryRepositoryTest in 6.617 seconds (JVM running for 8.211)
Closing org.springframework.context.annotation.AnnotationConfigApplicationContext@cb0755b: startup date [Mon Jul 08 22:57:32 CST 2019]; root of context hierarchy
Closing JPA EntityManagerFactory for persistence unit 'default'
Starting ProductCategoryRepositoryTest on AFOIG-801172222 with PID 8968 (started by Administrator in C:\Users\Administrator\Documents\sell)
No active profile set, falling back to default profiles: default
Refreshing org.springframework.context.annotation.AnnotationConfigApplicationContext@cb0755b: startup date [Mon Jul 08 22:57:57 CST 2019]; root of context hierarchy
Building JPA container EntityManagerFactory for persistence unit 'default'
HHH000204: Processing PersistenceUnitInfo [
	name: default
	...]
HHH000412: Hibernate Core {5.0.12.Final}
HHH000206: hibernate.properties not found
HHH000021: Bytecode provider name : javassist
HCANN000001: Hibernate Commons Annotations {5.0.1.Final}
HHH000400: Using dialect: org.hibernate.dialect.MySQL5Dialect
Initialized JPA EntityManagerFactory for persistence unit 'default'
Started ProductCategoryRepositoryTest in 6.88 seconds (JVM running for 8.528)
Closing org.springframework.context.annotation.AnnotationConfigApplicationContext@cb0755b: startup date [Mon Jul 08 22:57:57 CST 2019]; root of context hierarchy
Closing JPA EntityManagerFactory for persistence unit 'default'
Starting ProductCategoryRepositoryTest on AFOIG-801172222 with PID 6900 (started by Administrator in C:\Users\Administrator\Documents\sell)
No active profile set, falling back to default profiles: default
Refreshing org.springframework.context.annotation.AnnotationConfigApplicationContext@cb0755b: startup date [Mon Jul 08 23:00:08 CST 2019]; root of context hierarchy
Building JPA container EntityManagerFactory for persistence unit 'default'
HHH000204: Processing PersistenceUnitInfo [
	name: default
	...]
HHH000412: Hibernate Core {5.0.12.Final}
HHH000206: hibernate.properties not found
HHH000021: Bytecode provider name : javassist
HCANN000001: Hibernate Commons Annotations {5.0.1.Final}
HHH000400: Using dialect: org.hibernate.dialect.MySQL5Dialect
Initialized JPA EntityManagerFactory for persistence unit 'default'
Started ProductCategoryRepositoryTest in 6.971 seconds (JVM running for 8.785)
SQL Error: 1048, SQLState: 23000
HHH000010: On release of batch it still contained JDBC statements
Closing org.springframework.context.annotation.AnnotationConfigApplicationContext@cb0755b: startup date [Mon Jul 08 23:00:08 CST 2019]; root of context hierarchy
Closing JPA EntityManagerFactory for persistence unit 'default'
Starting ProductCategoryRepositoryTest on AFOIG-801172222 with PID 3512 (started by Administrator in C:\Users\Administrator\Documents\sell)
No active profile set, falling back to default profiles: default
Refreshing org.springframework.context.annotation.AnnotationConfigApplicationContext@cb0755b: startup date [Mon Jul 08 23:01:49 CST 2019]; root of context hierarchy
Building JPA container EntityManagerFactory for persistence unit 'default'
HHH000204: Processing PersistenceUnitInfo [
	name: default
	...]
HHH000412: Hibernate Core {5.0.12.Final}
HHH000206: hibernate.properties not found
HHH000021: Bytecode provider name : javassist
HCANN000001: Hibernate Commons Annotations {5.0.1.Final}
HHH000400: Using dialect: org.hibernate.dialect.MySQL5Dialect
Initialized JPA EntityManagerFactory for persistence unit 'default'
Started ProductCategoryRepositoryTest in 7.436 seconds (JVM running for 9.353)
Closing org.springframework.context.annotation.AnnotationConfigApplicationContext@cb0755b: startup date [Mon Jul 08 23:01:49 CST 2019]; root of context hierarchy
Closing JPA EntityManagerFactory for persistence unit 'default'
Starting ProductCategoryRepositoryTest on AFOIG-801172222 with PID 8728 (started by Administrator in C:\Users\Administrator\Documents\sell)
No active profile set, falling back to default profiles: default
Refreshing org.springframework.context.annotation.AnnotationConfigApplicationContext@196a42c3: startup date [Mon Jul 08 23:03:02 CST 2019]; root of context hierarchy
Building JPA container EntityManagerFactory for persistence unit 'default'
HHH000204: Processing PersistenceUnitInfo [
	name: default
	...]
HHH000412: Hibernate Core {5.0.12.Final}
HHH000206: hibernate.properties not found
HHH000021: Bytecode provider name : javassist
HCANN000001: Hibernate Commons Annotations {5.0.1.Final}
HHH000400: Using dialect: org.hibernate.dialect.MySQL5Dialect
Initialized JPA EntityManagerFactory for persistence unit 'default'
Started ProductCategoryRepositoryTest in 8.071 seconds (JVM running for 9.762)
Closing org.springframework.context.annotation.AnnotationConfigApplicationContext@196a42c3: startup date [Mon Jul 08 23:03:02 CST 2019]; root of context hierarchy
Closing JPA EntityManagerFactory for persistence unit 'default'
Starting ProductCategoryRepositoryTest on AFOIG-801172222 with PID 4084 (started by Administrator in C:\Users\Administrator\Documents\sell)
No active profile set, falling back to default profiles: default
Refreshing org.springframework.context.annotation.AnnotationConfigApplicationContext@196a42c3: startup date [Mon Jul 08 23:03:16 CST 2019]; root of context hierarchy
Building JPA container EntityManagerFactory for persistence unit 'default'
HHH000204: Processing PersistenceUnitInfo [
	name: default
	...]
HHH000412: Hibernate Core {5.0.12.Final}
HHH000206: hibernate.properties not found
HHH000021: Bytecode provider name : javassist
HCANN000001: Hibernate Commons Annotations {5.0.1.Final}
HHH000400: Using dialect: org.hibernate.dialect.MySQL5Dialect
Initialized JPA EntityManagerFactory for persistence unit 'default'
Started ProductCategoryRepositoryTest in 7.21 seconds (JVM running for 9.137)
Closing org.springframework.context.annotation.AnnotationConfigApplicationContext@196a42c3: startup date [Mon Jul 08 23:03:16 CST 2019]; root of context hierarchy
Closing JPA EntityManagerFactory for persistence unit 'default'
Starting ProductCategoryRepositoryTest on AFOIG-801172222 with PID 10160 (started by Administrator in C:\Users\Administrator\Documents\sell)
No active profile set, falling back to default profiles: default
Refreshing org.springframework.context.annotation.AnnotationConfigApplicationContext@196a42c3: startup date [Mon Jul 08 23:12:18 CST 2019]; root of context hierarchy
Building JPA container EntityManagerFactory for persistence unit 'default'
HHH000204: Processing PersistenceUnitInfo [
	name: default
	...]
HHH000412: Hibernate Core {5.0.12.Final}
HHH000206: hibernate.properties not found
HHH000021: Bytecode provider name : javassist
HCANN000001: Hibernate Commons Annotations {5.0.1.Final}
HHH000400: Using dialect: org.hibernate.dialect.MySQL5Dialect
Initialized JPA EntityManagerFactory for persistence unit 'default'
Started ProductCategoryRepositoryTest in 7.31 seconds (JVM running for 8.964)
Closing org.springframework.context.annotation.AnnotationConfigApplicationContext@196a42c3: startup date [Mon Jul 08 23:12:18 CST 2019]; root of context hierarchy
Closing JPA EntityManagerFactory for persistence unit 'default'
Starting ProductCategoryRepositoryTest on AFOIG-801172222 with PID 6892 (started by Administrator in C:\Users\Administrator\Documents\sell)
No active profile set, falling back to default profiles: default
Refreshing org.springframework.context.annotation.AnnotationConfigApplicationContext@196a42c3: startup date [Mon Jul 08 23:13:22 CST 2019]; root of context hierarchy
Building JPA container EntityManagerFactory for persistence unit 'default'
HHH000204: Processing PersistenceUnitInfo [
	name: default
	...]
HHH000412: Hibernate Core {5.0.12.Final}
HHH000206: hibernate.properties not found
HHH000021: Bytecode provider name : javassist
HCANN000001: Hibernate Commons Annotations {5.0.1.Final}
HHH000400: Using dialect: org.hibernate.dialect.MySQL5Dialect
Initialized JPA EntityManagerFactory for persistence unit 'default'
Started ProductCategoryRepositoryTest in 6.871 seconds (JVM running for 8.535)
Closing org.springframework.context.annotation.AnnotationConfigApplicationContext@196a42c3: startup date [Mon Jul 08 23:13:22 CST 2019]; root of context hierarchy
Closing JPA EntityManagerFactory for persistence unit 'default'
