Starting OrderMasterRepositoryTest on AFOIG-801172222 with PID 121924 (started by Administrator in C:\Users\Administrator\Documents\sell)
No active profile set, falling back to default profiles: default
Refreshing org.springframework.web.context.support.GenericWebApplicationContext@2a8448fa: startup date [Wed Dec 04 21:26:28 CST 2019]; root of context hierarchy
HV000001: Hibernate Validator 5.3.5.Final
Building JPA container EntityManagerFactory for persistence unit 'default'
HHH000204: Processing PersistenceUnitInfo [
	name: default
	...]
HHH000412: Hibernate Core {5.0.12.Final}
HHH000206: hibernate.properties not found
HHH000021: Bytecode provider name : javassist
HCANN000001: Hibernate Commons Annotations {5.0.1.Final}
HHH000400: Using dialect: org.hibernate.dialect.MySQL5Dialect
Initialized JPA EntityManagerFactory for persistence unit 'default'
Looking for @ControllerAdvice: org.springframework.web.context.support.GenericWebApplicationContext@2a8448fa: startup date [Wed Dec 04 21:26:28 CST 2019]; root of context hierarchy
Mapped "{[/buyer/order/create],methods=[POST]}" onto public sell.VO.ResultVO<java.util.Map<java.lang.String, java.lang.String>> sell.crotroller.BuyerOrderController.create(sell.form.OrderForm,org.springframework.validation.BindingResult)
Mapped "{[/buyer/order/list],methods=[GET]}" onto public sell.VO.ResultVO<java.util.List<sell.dto.OrderDTO>> sell.crotroller.BuyerOrderController.list(java.lang.String,java.lang.Integer,java.lang.Integer)
Mapped "{[/buyer/order/cancel],methods=[GET]}" onto public sell.VO.ResultVO<sell.dto.OrderDTO> sell.crotroller.BuyerOrderController.cancel(java.lang.String,java.lang.String)
Mapped "{[/buyer/order/detail],methods=[GET]}" onto public sell.VO.ResultVO<sell.dto.OrderDTO> sell.crotroller.BuyerOrderController.detail(java.lang.String,java.lang.String)
Mapped "{[/buyer/product/list],methods=[GET]}" onto public sell.VO.ResultVO sell.crotroller.BuyerProductController.list()
Mapped "{[/wechat/userInfo],methods=[GET]}" onto public java.lang.String sell.crotroller.WechartController.userInfo(java.lang.String,java.lang.String)
Mapped "{[/wechat/authorize],methods=[GET]}" onto public java.lang.String sell.crotroller.WechartController.authorize(java.lang.String)
Mapped "{[/weixin/auth],methods=[GET]}" onto public void sell.crotroller.WexinController.auth(java.lang.String)
Mapped "{[/error]}" onto public org.springframework.http.ResponseEntity<java.util.Map<java.lang.String, java.lang.Object>> org.springframework.boot.autoconfigure.web.BasicErrorController.error(javax.servlet.http.HttpServletRequest)
Mapped "{[/error],produces=[text/html]}" onto public org.springframework.web.servlet.ModelAndView org.springframework.boot.autoconfigure.web.BasicErrorController.errorHtml(javax.servlet.http.HttpServletRequest,javax.servlet.http.HttpServletResponse)
Mapped URL path [/webjars/**] onto handler of type [class org.springframework.web.servlet.resource.ResourceHttpRequestHandler]
Mapped URL path [/**] onto handler of type [class org.springframework.web.servlet.resource.ResourceHttpRequestHandler]
Mapped URL path [/**/favicon.ico] onto handler of type [class org.springframework.web.servlet.resource.ResourceHttpRequestHandler]
Started OrderMasterRepositoryTest in 18.869 seconds (JVM running for 22.068)
Closing org.springframework.web.context.support.GenericWebApplicationContext@2a8448fa: startup date [Wed Dec 04 21:26:28 CST 2019]; root of context hierarchy
Closing JPA EntityManagerFactory for persistence unit 'default'
Starting OrderDetailRepositoryTest on AFOIG-801172222 with PID 148128 (started by Administrator in C:\Users\Administrator\Documents\sell)
No active profile set, falling back to default profiles: default
Refreshing org.springframework.web.context.support.GenericWebApplicationContext@6f01b95f: startup date [Wed Dec 04 21:29:22 CST 2019]; root of context hierarchy
HV000001: Hibernate Validator 5.3.5.Final
Building JPA container EntityManagerFactory for persistence unit 'default'
HHH000204: Processing PersistenceUnitInfo [
	name: default
	...]
HHH000412: Hibernate Core {5.0.12.Final}
HHH000206: hibernate.properties not found
HHH000021: Bytecode provider name : javassist
HCANN000001: Hibernate Commons Annotations {5.0.1.Final}
HHH000400: Using dialect: org.hibernate.dialect.MySQL5Dialect
Initialized JPA EntityManagerFactory for persistence unit 'default'
Looking for @ControllerAdvice: org.springframework.web.context.support.GenericWebApplicationContext@6f01b95f: startup date [Wed Dec 04 21:29:22 CST 2019]; root of context hierarchy
Mapped "{[/buyer/order/create],methods=[POST]}" onto public sell.VO.ResultVO<java.util.Map<java.lang.String, java.lang.String>> sell.crotroller.BuyerOrderController.create(sell.form.OrderForm,org.springframework.validation.BindingResult)
Mapped "{[/buyer/order/list],methods=[GET]}" onto public sell.VO.ResultVO<java.util.List<sell.dto.OrderDTO>> sell.crotroller.BuyerOrderController.list(java.lang.String,java.lang.Integer,java.lang.Integer)
Mapped "{[/buyer/order/detail],methods=[GET]}" onto public sell.VO.ResultVO<sell.dto.OrderDTO> sell.crotroller.BuyerOrderController.detail(java.lang.String,java.lang.String)
Mapped "{[/buyer/order/cancel],methods=[GET]}" onto public sell.VO.ResultVO<sell.dto.OrderDTO> sell.crotroller.BuyerOrderController.cancel(java.lang.String,java.lang.String)
Mapped "{[/buyer/product/list],methods=[GET]}" onto public sell.VO.ResultVO sell.crotroller.BuyerProductController.list()
Mapped "{[/wechat/userInfo],methods=[GET]}" onto public java.lang.String sell.crotroller.WechartController.userInfo(java.lang.String,java.lang.String)
Mapped "{[/wechat/authorize],methods=[GET]}" onto public java.lang.String sell.crotroller.WechartController.authorize(java.lang.String)
Mapped "{[/weixin/auth],methods=[GET]}" onto public void sell.crotroller.WexinController.auth(java.lang.String)
Mapped "{[/error]}" onto public org.springframework.http.ResponseEntity<java.util.Map<java.lang.String, java.lang.Object>> org.springframework.boot.autoconfigure.web.BasicErrorController.error(javax.servlet.http.HttpServletRequest)
Mapped "{[/error],produces=[text/html]}" onto public org.springframework.web.servlet.ModelAndView org.springframework.boot.autoconfigure.web.BasicErrorController.errorHtml(javax.servlet.http.HttpServletRequest,javax.servlet.http.HttpServletResponse)
Mapped URL path [/webjars/**] onto handler of type [class org.springframework.web.servlet.resource.ResourceHttpRequestHandler]
Mapped URL path [/**] onto handler of type [class org.springframework.web.servlet.resource.ResourceHttpRequestHandler]
Mapped URL path [/**/favicon.ico] onto handler of type [class org.springframework.web.servlet.resource.ResourceHttpRequestHandler]
Started OrderDetailRepositoryTest in 16.797 seconds (JVM running for 19.095)
HHH000397: Using ASTQueryTranslatorFactory
Closing org.springframework.web.context.support.GenericWebApplicationContext@6f01b95f: startup date [Wed Dec 04 21:29:22 CST 2019]; root of context hierarchy
Closing JPA EntityManagerFactory for persistence unit 'default'
Starting OrderDetailRepositoryTest on AFOIG-801172222 with PID 150012 (started by Administrator in C:\Users\Administrator\Documents\sell)
No active profile set, falling back to default profiles: default
Refreshing org.springframework.web.context.support.GenericWebApplicationContext@6f01b95f: startup date [Wed Dec 04 22:34:55 CST 2019]; root of context hierarchy
HV000001: Hibernate Validator 5.3.5.Final
Building JPA container EntityManagerFactory for persistence unit 'default'
HHH000204: Processing PersistenceUnitInfo [
	name: default
	...]
HHH000412: Hibernate Core {5.0.12.Final}
HHH000206: hibernate.properties not found
HHH000021: Bytecode provider name : javassist
HCANN000001: Hibernate Commons Annotations {5.0.1.Final}
HHH000400: Using dialect: org.hibernate.dialect.MySQL5Dialect
Initialized JPA EntityManagerFactory for persistence unit 'default'
Looking for @ControllerAdvice: org.springframework.web.context.support.GenericWebApplicationContext@6f01b95f: startup date [Wed Dec 04 22:34:55 CST 2019]; root of context hierarchy
Mapped "{[/buyer/order/create],methods=[POST]}" onto public sell.VO.ResultVO<java.util.Map<java.lang.String, java.lang.String>> sell.crotroller.BuyerOrderController.create(sell.form.OrderForm,org.springframework.validation.BindingResult)
Mapped "{[/buyer/order/list],methods=[GET]}" onto public sell.VO.ResultVO<java.util.List<sell.dto.OrderDTO>> sell.crotroller.BuyerOrderController.list(java.lang.String,java.lang.Integer,java.lang.Integer)
Mapped "{[/buyer/order/cancel],methods=[GET]}" onto public sell.VO.ResultVO<sell.dto.OrderDTO> sell.crotroller.BuyerOrderController.cancel(java.lang.String,java.lang.String)
Mapped "{[/buyer/order/detail],methods=[GET]}" onto public sell.VO.ResultVO<sell.dto.OrderDTO> sell.crotroller.BuyerOrderController.detail(java.lang.String,java.lang.String)
Mapped "{[/buyer/product/list],methods=[GET]}" onto public sell.VO.ResultVO sell.crotroller.BuyerProductController.list()
Mapped "{[/wechat/userInfo],methods=[GET]}" onto public java.lang.String sell.crotroller.WechartController.userInfo(java.lang.String,java.lang.String)
Mapped "{[/wechat/authorize],methods=[GET]}" onto public java.lang.String sell.crotroller.WechartController.authorize(java.lang.String)
Mapped "{[/weixin/auth],methods=[GET]}" onto public void sell.crotroller.WexinController.auth(java.lang.String)
Mapped "{[/error]}" onto public org.springframework.http.ResponseEntity<java.util.Map<java.lang.String, java.lang.Object>> org.springframework.boot.autoconfigure.web.BasicErrorController.error(javax.servlet.http.HttpServletRequest)
Mapped "{[/error],produces=[text/html]}" onto public org.springframework.web.servlet.ModelAndView org.springframework.boot.autoconfigure.web.BasicErrorController.errorHtml(javax.servlet.http.HttpServletRequest,javax.servlet.http.HttpServletResponse)
Mapped URL path [/webjars/**] onto handler of type [class org.springframework.web.servlet.resource.ResourceHttpRequestHandler]
Mapped URL path [/**] onto handler of type [class org.springframework.web.servlet.resource.ResourceHttpRequestHandler]
Mapped URL path [/**/favicon.ico] onto handler of type [class org.springframework.web.servlet.resource.ResourceHttpRequestHandler]
Started OrderDetailRepositoryTest in 27.119 seconds (JVM running for 33.448)
HHH000397: Using ASTQueryTranslatorFactory
Closing org.springframework.web.context.support.GenericWebApplicationContext@6f01b95f: startup date [Wed Dec 04 22:34:55 CST 2019]; root of context hierarchy
Closing JPA EntityManagerFactory for persistence unit 'default'
Starting SellApplication on AFOIG-801172222 with PID 107884 (C:\Users\Administrator\Documents\sell\target\classes started by Administrator in C:\Users\Administrator\Documents\sell)
No active profile set, falling back to default profiles: default
Refreshing org.springframework.boot.context.embedded.AnnotationConfigEmbeddedWebApplicationContext@14cd1699: startup date [Wed Dec 04 22:35:47 CST 2019]; root of context hierarchy
HV000001: Hibernate Validator 5.3.5.Final
Tomcat initialized with port(s): 8080 (http)
Starting service Tomcat
Starting Servlet Engine: Apache Tomcat/8.5.14
Initializing Spring embedded WebApplicationContext
Root WebApplicationContext: initialization completed in 5303 ms
Mapping servlet: 'dispatcherServlet' to [/]
Mapping filter: 'characterEncodingFilter' to: [/*]
Mapping filter: 'hiddenHttpMethodFilter' to: [/*]
Mapping filter: 'httpPutFormContentFilter' to: [/*]
Mapping filter: 'requestContextFilter' to: [/*]
Building JPA container EntityManagerFactory for persistence unit 'default'
HHH000204: Processing PersistenceUnitInfo [
	name: default
	...]
HHH000412: Hibernate Core {5.0.12.Final}
HHH000206: hibernate.properties not found
HHH000021: Bytecode provider name : javassist
HCANN000001: Hibernate Commons Annotations {5.0.1.Final}
HHH000400: Using dialect: org.hibernate.dialect.MySQL5Dialect
Initialized JPA EntityManagerFactory for persistence unit 'default'
Looking for @ControllerAdvice: org.springframework.boot.context.embedded.AnnotationConfigEmbeddedWebApplicationContext@14cd1699: startup date [Wed Dec 04 22:35:47 CST 2019]; root of context hierarchy
Mapped "{[/buyer/order/create],methods=[POST]}" onto public sell.VO.ResultVO<java.util.Map<java.lang.String, java.lang.String>> sell.crotroller.BuyerOrderController.create(sell.form.OrderForm,org.springframework.validation.BindingResult)
Mapped "{[/buyer/order/list],methods=[GET]}" onto public sell.VO.ResultVO<java.util.List<sell.dto.OrderDTO>> sell.crotroller.BuyerOrderController.list(java.lang.String,java.lang.Integer,java.lang.Integer)
Mapped "{[/buyer/order/cancel],methods=[GET]}" onto public sell.VO.ResultVO<sell.dto.OrderDTO> sell.crotroller.BuyerOrderController.cancel(java.lang.String,java.lang.String)
Mapped "{[/buyer/order/detail],methods=[GET]}" onto public sell.VO.ResultVO<sell.dto.OrderDTO> sell.crotroller.BuyerOrderController.detail(java.lang.String,java.lang.String)
Mapped "{[/buyer/product/list],methods=[GET]}" onto public sell.VO.ResultVO sell.crotroller.BuyerProductController.list()
Mapped "{[/wechat/userInfo],methods=[GET]}" onto public java.lang.String sell.crotroller.WechartController.userInfo(java.lang.String,java.lang.String)
Mapped "{[/wechat/authorize],methods=[GET]}" onto public java.lang.String sell.crotroller.WechartController.authorize(java.lang.String)
Mapped "{[/weixin/auth],methods=[GET]}" onto public void sell.crotroller.WexinController.auth(java.lang.String)
Mapped "{[/error]}" onto public org.springframework.http.ResponseEntity<java.util.Map<java.lang.String, java.lang.Object>> org.springframework.boot.autoconfigure.web.BasicErrorController.error(javax.servlet.http.HttpServletRequest)
Mapped "{[/error],produces=[text/html]}" onto public org.springframework.web.servlet.ModelAndView org.springframework.boot.autoconfigure.web.BasicErrorController.errorHtml(javax.servlet.http.HttpServletRequest,javax.servlet.http.HttpServletResponse)
Mapped URL path [/webjars/**] onto handler of type [class org.springframework.web.servlet.resource.ResourceHttpRequestHandler]
Mapped URL path [/**] onto handler of type [class org.springframework.web.servlet.resource.ResourceHttpRequestHandler]
Mapped URL path [/**/favicon.ico] onto handler of type [class org.springframework.web.servlet.resource.ResourceHttpRequestHandler]
Registering beans for JMX exposure on startup
Initializing ProtocolHandler ["http-nio-8080"]
Starting ProtocolHandler ["http-nio-8080"]
Using a shared selector for servlet write/read
Tomcat started on port(s): 8080 (http)
Started SellApplication in 11.532 seconds (JVM running for 15.028)
Initializing Spring FrameworkServlet 'dispatcherServlet'
FrameworkServlet 'dispatcherServlet': initialization started
FrameworkServlet 'dispatcherServlet': initialization completed in 53 ms
进入auth方法
code=1,081WC0Ft0nOoIj1FbmBt0FhQEt0WC0FE
{"errcode":40029,"errmsg":"invalid code, hints: [ req_id: 1KBFNOXIRa-pzNgaa ]"}
[微信网页授权]获取code,result=https://open.weixin.qq.com/connect/oauth2/authorize?appid=wxebe3efd8fb84c22c&redirect_uri=http%3A%2F%2Fyier.natapp1.cc%2Fwechat%2FuserInfo&response_type=code&scope=snsapi_userinfo&state=http%3A%2F%2Fwww.baidu.com#wechat_redirect
wxMpOAuth2AccessToken=WxMpOAuth2AccessToken{accessToken='null', expiresTime=-1, refreshToken='null', openId='null', scope='null', unionId='null'}
Starting SellApplication on AFOIG-801172222 with PID 121320 (C:\Users\Administrator\Documents\sell\target\classes started by Administrator in C:\Users\Administrator\Documents\sell)
No active profile set, falling back to default profiles: default
Refreshing org.springframework.boot.context.embedded.AnnotationConfigEmbeddedWebApplicationContext@14cd1699: startup date [Wed Dec 04 22:55:27 CST 2019]; root of context hierarchy
HV000001: Hibernate Validator 5.3.5.Final
Tomcat initialized with port(s): 8080 (http)
Starting service Tomcat
Starting Servlet Engine: Apache Tomcat/8.5.14
Initializing Spring embedded WebApplicationContext
Root WebApplicationContext: initialization completed in 5386 ms
Mapping servlet: 'dispatcherServlet' to [/]
Mapping filter: 'characterEncodingFilter' to: [/*]
Mapping filter: 'hiddenHttpMethodFilter' to: [/*]
Mapping filter: 'httpPutFormContentFilter' to: [/*]
Mapping filter: 'requestContextFilter' to: [/*]
Building JPA container EntityManagerFactory for persistence unit 'default'
HHH000204: Processing PersistenceUnitInfo [
	name: default
	...]
HHH000412: Hibernate Core {5.0.12.Final}
HHH000206: hibernate.properties not found
HHH000021: Bytecode provider name : javassist
HCANN000001: Hibernate Commons Annotations {5.0.1.Final}
HHH000400: Using dialect: org.hibernate.dialect.MySQL5Dialect
Initialized JPA EntityManagerFactory for persistence unit 'default'
Looking for @ControllerAdvice: org.springframework.boot.context.embedded.AnnotationConfigEmbeddedWebApplicationContext@14cd1699: startup date [Wed Dec 04 22:55:27 CST 2019]; root of context hierarchy
Mapped "{[/buyer/order/create],methods=[POST]}" onto public sell.VO.ResultVO<java.util.Map<java.lang.String, java.lang.String>> sell.crotroller.BuyerOrderController.create(sell.form.OrderForm,org.springframework.validation.BindingResult)
Mapped "{[/buyer/order/list],methods=[GET]}" onto public sell.VO.ResultVO<java.util.List<sell.dto.OrderDTO>> sell.crotroller.BuyerOrderController.list(java.lang.String,java.lang.Integer,java.lang.Integer)
Mapped "{[/buyer/order/cancel],methods=[GET]}" onto public sell.VO.ResultVO<sell.dto.OrderDTO> sell.crotroller.BuyerOrderController.cancel(java.lang.String,java.lang.String)
Mapped "{[/buyer/order/detail],methods=[GET]}" onto public sell.VO.ResultVO<sell.dto.OrderDTO> sell.crotroller.BuyerOrderController.detail(java.lang.String,java.lang.String)
Mapped "{[/buyer/product/list],methods=[GET]}" onto public sell.VO.ResultVO sell.crotroller.BuyerProductController.list()
Mapped "{[/wechat/userInfo],methods=[GET]}" onto public java.lang.String sell.crotroller.WechartController.userInfo(java.lang.String,java.lang.String)
Mapped "{[/wechat/authorize],methods=[GET]}" onto public java.lang.String sell.crotroller.WechartController.authorize(java.lang.String)
Mapped "{[/weixin/auth],methods=[GET]}" onto public void sell.crotroller.WexinController.auth(java.lang.String)
Mapped "{[/error]}" onto public org.springframework.http.ResponseEntity<java.util.Map<java.lang.String, java.lang.Object>> org.springframework.boot.autoconfigure.web.BasicErrorController.error(javax.servlet.http.HttpServletRequest)
Mapped "{[/error],produces=[text/html]}" onto public org.springframework.web.servlet.ModelAndView org.springframework.boot.autoconfigure.web.BasicErrorController.errorHtml(javax.servlet.http.HttpServletRequest,javax.servlet.http.HttpServletResponse)
Mapped URL path [/webjars/**] onto handler of type [class org.springframework.web.servlet.resource.ResourceHttpRequestHandler]
Mapped URL path [/**] onto handler of type [class org.springframework.web.servlet.resource.ResourceHttpRequestHandler]
Mapped URL path [/**/favicon.ico] onto handler of type [class org.springframework.web.servlet.resource.ResourceHttpRequestHandler]
Registering beans for JMX exposure on startup
Initializing ProtocolHandler ["http-nio-8080"]
Starting ProtocolHandler ["http-nio-8080"]
Using a shared selector for servlet write/read
Tomcat started on port(s): 8080 (http)
Started SellApplication in 15.043 seconds (JVM running for 18.56)
Initializing Spring FrameworkServlet 'dispatcherServlet'
FrameworkServlet 'dispatcherServlet': initialization started
FrameworkServlet 'dispatcherServlet': initialization completed in 28 ms
[微信网页授权]获取code,result=https://open.weixin.qq.com/connect/oauth2/authorize?appid=wxebe3efd8fb84c22c&redirect_uri=http%3A%2F%2Fyier.natapp1.cc%2Fwechat%2FuserInfo&response_type=code&scope=snsapi_userinfo&state=http://www.imooc.com/#wechat_redirect
Starting SellApplication on AFOIG-801172222 with PID 124688 (C:\Users\Administrator\Documents\sell\target\classes started by Administrator in C:\Users\Administrator\Documents\sell)
No active profile set, falling back to default profiles: default
Refreshing org.springframework.boot.context.embedded.AnnotationConfigEmbeddedWebApplicationContext@73a1e9a9: startup date [Wed Dec 04 22:58:35 CST 2019]; root of context hierarchy
HV000001: Hibernate Validator 5.3.5.Final
Tomcat initialized with port(s): 8080 (http)
Starting service Tomcat
Starting Servlet Engine: Apache Tomcat/8.5.14
Initializing Spring embedded WebApplicationContext
Root WebApplicationContext: initialization completed in 4145 ms
Mapping servlet: 'dispatcherServlet' to [/]
Mapping filter: 'characterEncodingFilter' to: [/*]
Mapping filter: 'hiddenHttpMethodFilter' to: [/*]
Mapping filter: 'httpPutFormContentFilter' to: [/*]
Mapping filter: 'requestContextFilter' to: [/*]
Building JPA container EntityManagerFactory for persistence unit 'default'
HHH000204: Processing PersistenceUnitInfo [
	name: default
	...]
HHH000412: Hibernate Core {5.0.12.Final}
HHH000206: hibernate.properties not found
HHH000021: Bytecode provider name : javassist
HCANN000001: Hibernate Commons Annotations {5.0.1.Final}
HHH000400: Using dialect: org.hibernate.dialect.MySQL5Dialect
Initialized JPA EntityManagerFactory for persistence unit 'default'
Looking for @ControllerAdvice: org.springframework.boot.context.embedded.AnnotationConfigEmbeddedWebApplicationContext@73a1e9a9: startup date [Wed Dec 04 22:58:35 CST 2019]; root of context hierarchy
Mapped "{[/buyer/order/create],methods=[POST]}" onto public sell.VO.ResultVO<java.util.Map<java.lang.String, java.lang.String>> sell.crotroller.BuyerOrderController.create(sell.form.OrderForm,org.springframework.validation.BindingResult)
Mapped "{[/buyer/order/list],methods=[GET]}" onto public sell.VO.ResultVO<java.util.List<sell.dto.OrderDTO>> sell.crotroller.BuyerOrderController.list(java.lang.String,java.lang.Integer,java.lang.Integer)
Mapped "{[/buyer/order/cancel],methods=[GET]}" onto public sell.VO.ResultVO<sell.dto.OrderDTO> sell.crotroller.BuyerOrderController.cancel(java.lang.String,java.lang.String)
Mapped "{[/buyer/order/detail],methods=[GET]}" onto public sell.VO.ResultVO<sell.dto.OrderDTO> sell.crotroller.BuyerOrderController.detail(java.lang.String,java.lang.String)
Mapped "{[/buyer/product/list],methods=[GET]}" onto public sell.VO.ResultVO sell.crotroller.BuyerProductController.list()
Mapped "{[/wechat/userInfo],methods=[GET]}" onto public java.lang.String sell.crotroller.WechartController.userInfo(java.lang.String,java.lang.String)
Mapped "{[/wechat/authorize],methods=[GET]}" onto public java.lang.String sell.crotroller.WechartController.authorize(java.lang.String)
Mapped "{[/weixin/auth],methods=[GET]}" onto public void sell.crotroller.WexinController.auth(java.lang.String)
Mapped "{[/error]}" onto public org.springframework.http.ResponseEntity<java.util.Map<java.lang.String, java.lang.Object>> org.springframework.boot.autoconfigure.web.BasicErrorController.error(javax.servlet.http.HttpServletRequest)
Mapped "{[/error],produces=[text/html]}" onto public org.springframework.web.servlet.ModelAndView org.springframework.boot.autoconfigure.web.BasicErrorController.errorHtml(javax.servlet.http.HttpServletRequest,javax.servlet.http.HttpServletResponse)
Mapped URL path [/webjars/**] onto handler of type [class org.springframework.web.servlet.resource.ResourceHttpRequestHandler]
Mapped URL path [/**] onto handler of type [class org.springframework.web.servlet.resource.ResourceHttpRequestHandler]
Mapped URL path [/**/favicon.ico] onto handler of type [class org.springframework.web.servlet.resource.ResourceHttpRequestHandler]
Registering beans for JMX exposure on startup
Initializing ProtocolHandler ["http-nio-8080"]
Starting ProtocolHandler ["http-nio-8080"]
Using a shared selector for servlet write/read
Tomcat started on port(s): 8080 (http)
Started SellApplication in 12.9 seconds (JVM running for 16.04)
Initializing Spring FrameworkServlet 'dispatcherServlet'
FrameworkServlet 'dispatcherServlet': initialization started
FrameworkServlet 'dispatcherServlet': initialization completed in 31 ms
[微信网页授权]获取code,result=https://open.weixin.qq.com/connect/oauth2/authorize?appid=wxebe3efd8fb84c22c&redirect_uri=http%3A%2F%2Fyier.natapp1.cc%2Fwechat%2FuserInfo&response_type=code&scope=snsapi_userinfo&state=http:/sell.com/#/#wechat_redirect
[微信网页授权]获取code,result=https://open.weixin.qq.com/connect/oauth2/authorize?appid=wxebe3efd8fb84c22c&redirect_uri=http%3A%2F%2Fyier.natapp1.cc%2Fwechat%2FuserInfo&response_type=code&scope=snsapi_userinfo&state=http:/sell.com/#/#wechat_redirect
[微信网页授权]获取code,result=https://open.weixin.qq.com/connect/oauth2/authorize?appid=wxebe3efd8fb84c22c&redirect_uri=http%3A%2F%2Fyier.natapp1.cc%2Fwechat%2FuserInfo&response_type=code&scope=snsapi_userinfo&state=http:/sell.com/#/#wechat_redirect
[微信网页授权]获取code,result=https://open.weixin.qq.com/connect/oauth2/authorize?appid=wxebe3efd8fb84c22c&redirect_uri=http%3A%2F%2Fyier.natapp1.cc%2Fwechat%2FuserInfo&response_type=code&scope=snsapi_userinfo&state=http:/sell.com/#/#wechat_redirect
Starting SellApplication on AFOIG-801172222 with PID 131708 (C:\Users\Administrator\Documents\sell\target\classes started by Administrator in C:\Users\Administrator\Documents\sell)
No active profile set, falling back to default profiles: default
Refreshing org.springframework.boot.context.embedded.AnnotationConfigEmbeddedWebApplicationContext@73a1e9a9: startup date [Wed Dec 04 23:02:46 CST 2019]; root of context hierarchy
HV000001: Hibernate Validator 5.3.5.Final
Tomcat initialized with port(s): 8080 (http)
Starting service Tomcat
Starting Servlet Engine: Apache Tomcat/8.5.14
Initializing Spring embedded WebApplicationContext
Root WebApplicationContext: initialization completed in 5286 ms
Mapping servlet: 'dispatcherServlet' to [/]
Mapping filter: 'characterEncodingFilter' to: [/*]
Mapping filter: 'hiddenHttpMethodFilter' to: [/*]
Mapping filter: 'httpPutFormContentFilter' to: [/*]
Mapping filter: 'requestContextFilter' to: [/*]
Building JPA container EntityManagerFactory for persistence unit 'default'
HHH000204: Processing PersistenceUnitInfo [
	name: default
	...]
HHH000412: Hibernate Core {5.0.12.Final}
HHH000206: hibernate.properties not found
HHH000021: Bytecode provider name : javassist
HCANN000001: Hibernate Commons Annotations {5.0.1.Final}
HHH000400: Using dialect: org.hibernate.dialect.MySQL5Dialect
Initialized JPA EntityManagerFactory for persistence unit 'default'
Looking for @ControllerAdvice: org.springframework.boot.context.embedded.AnnotationConfigEmbeddedWebApplicationContext@73a1e9a9: startup date [Wed Dec 04 23:02:46 CST 2019]; root of context hierarchy
Mapped "{[/buyer/order/create],methods=[POST]}" onto public sell.VO.ResultVO<java.util.Map<java.lang.String, java.lang.String>> sell.crotroller.BuyerOrderController.create(sell.form.OrderForm,org.springframework.validation.BindingResult)
Mapped "{[/buyer/order/list],methods=[GET]}" onto public sell.VO.ResultVO<java.util.List<sell.dto.OrderDTO>> sell.crotroller.BuyerOrderController.list(java.lang.String,java.lang.Integer,java.lang.Integer)
Mapped "{[/buyer/order/cancel],methods=[GET]}" onto public sell.VO.ResultVO<sell.dto.OrderDTO> sell.crotroller.BuyerOrderController.cancel(java.lang.String,java.lang.String)
Mapped "{[/buyer/order/detail],methods=[GET]}" onto public sell.VO.ResultVO<sell.dto.OrderDTO> sell.crotroller.BuyerOrderController.detail(java.lang.String,java.lang.String)
Mapped "{[/buyer/product/list],methods=[GET]}" onto public sell.VO.ResultVO sell.crotroller.BuyerProductController.list()
Mapped "{[/wechat/userInfo],methods=[GET]}" onto public java.lang.String sell.crotroller.WechartController.userInfo(java.lang.String,java.lang.String)
Mapped "{[/wechat/authorize],methods=[GET]}" onto public java.lang.String sell.crotroller.WechartController.authorize(java.lang.String)
Mapped "{[/weixin/auth],methods=[GET]}" onto public void sell.crotroller.WexinController.auth(java.lang.String)
Mapped "{[/error]}" onto public org.springframework.http.ResponseEntity<java.util.Map<java.lang.String, java.lang.Object>> org.springframework.boot.autoconfigure.web.BasicErrorController.error(javax.servlet.http.HttpServletRequest)
Mapped "{[/error],produces=[text/html]}" onto public org.springframework.web.servlet.ModelAndView org.springframework.boot.autoconfigure.web.BasicErrorController.errorHtml(javax.servlet.http.HttpServletRequest,javax.servlet.http.HttpServletResponse)
Mapped URL path [/webjars/**] onto handler of type [class org.springframework.web.servlet.resource.ResourceHttpRequestHandler]
Mapped URL path [/**] onto handler of type [class org.springframework.web.servlet.resource.ResourceHttpRequestHandler]
Mapped URL path [/**/favicon.ico] onto handler of type [class org.springframework.web.servlet.resource.ResourceHttpRequestHandler]
Registering beans for JMX exposure on startup
Initializing ProtocolHandler ["http-nio-8080"]
Starting ProtocolHandler ["http-nio-8080"]
Using a shared selector for servlet write/read
Tomcat started on port(s): 8080 (http)
Started SellApplication in 12.991 seconds (JVM running for 15.102)
Initializing Spring FrameworkServlet 'dispatcherServlet'
FrameworkServlet 'dispatcherServlet': initialization started
FrameworkServlet 'dispatcherServlet': initialization completed in 27 ms
[微信网页授权]获取code,result=https://open.weixin.qq.com/connect/oauth2/authorize?appid=wxebe3efd8fb84c22c&redirect_uri=http%3A%2F%2Fyier.natapp1.cc%2Fsell%2Fwechat%2FuserInfo&response_type=code&scope=snsapi_userinfo&state=http:/sell.com/#/#wechat_redirect
wxMpOAuth2AccessToken=WxMpOAuth2AccessToken{accessToken='null', expiresTime=-1, refreshToken='null', openId='null', scope='null', unionId='null'}
[微信网页授权]获取code,result=https://open.weixin.qq.com/connect/oauth2/authorize?appid=wxebe3efd8fb84c22c&redirect_uri=http%3A%2F%2Fyier.natapp1.cc%2Fsell%2Fwechat%2FuserInfo&response_type=code&scope=snsapi_userinfo&state=http:/sell.com/#/#wechat_redirect
wxMpOAuth2AccessToken=WxMpOAuth2AccessToken{accessToken='null', expiresTime=-1, refreshToken='null', openId='null', scope='null', unionId='null'}
[微信网页授权]获取code,result=https://open.weixin.qq.com/connect/oauth2/authorize?appid=wxebe3efd8fb84c22c&redirect_uri=http%3A%2F%2Fyier.natapp1.cc%2Fsell%2Fwechat%2FuserInfo&response_type=code&scope=snsapi_userinfo&state=http:/sell.com/#/#wechat_redirect
wxMpOAuth2AccessToken=WxMpOAuth2AccessToken{accessToken='null', expiresTime=-1, refreshToken='null', openId='null', scope='null', unionId='null'}
[微信网页授权]获取code,result=https://open.weixin.qq.com/connect/oauth2/authorize?appid=wxebe3efd8fb84c22c&redirect_uri=http%3A%2F%2Fyier.natapp1.cc%2Fsell%2Fwechat%2FuserInfo&response_type=code&scope=snsapi_userinfo&state=http:/sell.com/#/#wechat_redirect
wxMpOAuth2AccessToken=WxMpOAuth2AccessToken{accessToken='null', expiresTime=-1, refreshToken='null', openId='null', scope='null', unionId='null'}
[微信网页授权]获取code,result=https://open.weixin.qq.com/connect/oauth2/authorize?appid=wxebe3efd8fb84c22c&redirect_uri=http%3A%2F%2Fyier.natapp1.cc%2Fsell%2Fwechat%2FuserInfo&response_type=code&scope=snsapi_userinfo&state=http:/sell.com/#/#wechat_redirect
wxMpOAuth2AccessToken=WxMpOAuth2AccessToken{accessToken='null', expiresTime=-1, refreshToken='null', openId='null', scope='null', unionId='null'}
[微信网页授权]获取code,result=https://open.weixin.qq.com/connect/oauth2/authorize?appid=wxebe3efd8fb84c22c&redirect_uri=http%3A%2F%2Fyier.natapp1.cc%2Fsell%2Fwechat%2FuserInfo&response_type=code&scope=snsapi_userinfo&state=http:/sell.com/#/#wechat_redirect
wxMpOAuth2AccessToken=WxMpOAuth2AccessToken{accessToken='null', expiresTime=-1, refreshToken='null', openId='null', scope='null', unionId='null'}
[微信网页授权]获取code,result=https://open.weixin.qq.com/connect/oauth2/authorize?appid=wxebe3efd8fb84c22c&redirect_uri=http%3A%2F%2Fyier.natapp1.cc%2Fsell%2Fwechat%2FuserInfo&response_type=code&scope=snsapi_userinfo&state=http:/sell.com/#/#wechat_redirect
wxMpOAuth2AccessToken=WxMpOAuth2AccessToken{accessToken='null', expiresTime=-1, refreshToken='null', openId='null', scope='null', unionId='null'}
[微信网页授权]获取code,result=https://open.weixin.qq.com/connect/oauth2/authorize?appid=wxebe3efd8fb84c22c&redirect_uri=http%3A%2F%2Fyier.natapp1.cc%2Fsell%2Fwechat%2FuserInfo&response_type=code&scope=snsapi_userinfo&state=http:/sell.com/#/#wechat_redirect
wxMpOAuth2AccessToken=WxMpOAuth2AccessToken{accessToken='null', expiresTime=-1, refreshToken='null', openId='null', scope='null', unionId='null'}
[微信网页授权]获取code,result=https://open.weixin.qq.com/connect/oauth2/authorize?appid=wxebe3efd8fb84c22c&redirect_uri=http%3A%2F%2Fyier.natapp1.cc%2Fsell%2Fwechat%2FuserInfo&response_type=code&scope=snsapi_userinfo&state=http:/sell.com/#/#wechat_redirect
wxMpOAuth2AccessToken=WxMpOAuth2AccessToken{accessToken='null', expiresTime=-1, refreshToken='null', openId='null', scope='null', unionId='null'}
[微信网页授权]获取code,result=https://open.weixin.qq.com/connect/oauth2/authorize?appid=wxebe3efd8fb84c22c&redirect_uri=http%3A%2F%2Fyier.natapp1.cc%2Fsell%2Fwechat%2FuserInfo&response_type=code&scope=snsapi_userinfo&state=http:/sell.com/#/#wechat_redirect
wxMpOAuth2AccessToken=WxMpOAuth2AccessToken{accessToken='null', expiresTime=-1, refreshToken='null', openId='null', scope='null', unionId='null'}
[微信网页授权]获取code,result=https://open.weixin.qq.com/connect/oauth2/authorize?appid=wxebe3efd8fb84c22c&redirect_uri=http%3A%2F%2Fyier.natapp1.cc%2Fsell%2Fwechat%2FuserInfo&response_type=code&scope=snsapi_userinfo&state=http:/sell.com/#/#wechat_redirect
wxMpOAuth2AccessToken=WxMpOAuth2AccessToken{accessToken='null', expiresTime=-1, refreshToken='null', openId='null', scope='null', unionId='null'}
[微信网页授权]获取code,result=https://open.weixin.qq.com/connect/oauth2/authorize?appid=wxebe3efd8fb84c22c&redirect_uri=http%3A%2F%2Fyier.natapp1.cc%2Fsell%2Fwechat%2FuserInfo&response_type=code&scope=snsapi_userinfo&state=http:/sell.com/#/#wechat_redirect
wxMpOAuth2AccessToken=WxMpOAuth2AccessToken{accessToken='null', expiresTime=-1, refreshToken='null', openId='null', scope='null', unionId='null'}
[微信网页授权]获取code,result=https://open.weixin.qq.com/connect/oauth2/authorize?appid=wxebe3efd8fb84c22c&redirect_uri=http%3A%2F%2Fyier.natapp1.cc%2Fsell%2Fwechat%2FuserInfo&response_type=code&scope=snsapi_userinfo&state=http:/sell.com/#/#wechat_redirect
wxMpOAuth2AccessToken=WxMpOAuth2AccessToken{accessToken='null', expiresTime=-1, refreshToken='null', openId='null', scope='null', unionId='null'}
[微信网页授权]获取code,result=https://open.weixin.qq.com/connect/oauth2/authorize?appid=wxebe3efd8fb84c22c&redirect_uri=http%3A%2F%2Fyier.natapp1.cc%2Fsell%2Fwechat%2FuserInfo&response_type=code&scope=snsapi_userinfo&state=http:/sell.com/#/#wechat_redirect
wxMpOAuth2AccessToken=WxMpOAuth2AccessToken{accessToken='null', expiresTime=-1, refreshToken='null', openId='null', scope='null', unionId='null'}
[微信网页授权]获取code,result=https://open.weixin.qq.com/connect/oauth2/authorize?appid=wxebe3efd8fb84c22c&redirect_uri=http%3A%2F%2Fyier.natapp1.cc%2Fsell%2Fwechat%2FuserInfo&response_type=code&scope=snsapi_userinfo&state=http:/sell.com/#/#wechat_redirect
[微信网页授权]获取code,result=https://open.weixin.qq.com/connect/oauth2/authorize?appid=wxebe3efd8fb84c22c&redirect_uri=http%3A%2F%2Fyier.natapp1.cc%2Fsell%2Fwechat%2FuserInfo&response_type=code&scope=snsapi_userinfo&state=http:/sell.com/#/#wechat_redirect
[微信网页授权]获取code,result=https://open.weixin.qq.com/connect/oauth2/authorize?appid=wxebe3efd8fb84c22c&redirect_uri=http%3A%2F%2Fyier.natapp1.cc%2Fsell%2Fwechat%2FuserInfo&response_type=code&scope=snsapi_userinfo&state=http:/sell.com/#/#wechat_redirect
Starting ProductCategoryRepositoryTest on AFOIG-801172222 with PID 159572 (started by Administrator in C:\Users\Administrator\Documents\sell)
No active profile set, falling back to default profiles: default
Refreshing org.springframework.web.context.support.GenericWebApplicationContext@5f8e8a9d: startup date [Wed Dec 04 23:22:47 CST 2019]; root of context hierarchy
HV000001: Hibernate Validator 5.3.5.Final
Building JPA container EntityManagerFactory for persistence unit 'default'
HHH000204: Processing PersistenceUnitInfo [
	name: default
	...]
HHH000412: Hibernate Core {5.0.12.Final}
HHH000206: hibernate.properties not found
HHH000021: Bytecode provider name : javassist
HCANN000001: Hibernate Commons Annotations {5.0.1.Final}
HHH000400: Using dialect: org.hibernate.dialect.MySQL5Dialect
Initialized JPA EntityManagerFactory for persistence unit 'default'
Looking for @ControllerAdvice: org.springframework.web.context.support.GenericWebApplicationContext@5f8e8a9d: startup date [Wed Dec 04 23:22:47 CST 2019]; root of context hierarchy
Mapped "{[/buyer/order/create],methods=[POST]}" onto public sell.VO.ResultVO<java.util.Map<java.lang.String, java.lang.String>> sell.crotroller.BuyerOrderController.create(sell.form.OrderForm,org.springframework.validation.BindingResult)
Mapped "{[/buyer/order/list],methods=[GET]}" onto public sell.VO.ResultVO<java.util.List<sell.dto.OrderDTO>> sell.crotroller.BuyerOrderController.list(java.lang.String,java.lang.Integer,java.lang.Integer)
Mapped "{[/buyer/order/cancel],methods=[GET]}" onto public sell.VO.ResultVO<sell.dto.OrderDTO> sell.crotroller.BuyerOrderController.cancel(java.lang.String,java.lang.String)
Mapped "{[/buyer/order/detail],methods=[GET]}" onto public sell.VO.ResultVO<sell.dto.OrderDTO> sell.crotroller.BuyerOrderController.detail(java.lang.String,java.lang.String)
Mapped "{[/buyer/product/list],methods=[GET]}" onto public sell.VO.ResultVO sell.crotroller.BuyerProductController.list()
Mapped "{[/wechat/userInfo],methods=[GET]}" onto public java.lang.String sell.crotroller.WechartController.userInfo(java.lang.String,java.lang.String)
Mapped "{[/wechat/authorize],methods=[GET]}" onto public java.lang.String sell.crotroller.WechartController.authorize(java.lang.String)
Mapped "{[/weixin/auth],methods=[GET]}" onto public void sell.crotroller.WexinController.auth(java.lang.String)
Mapped "{[/error]}" onto public org.springframework.http.ResponseEntity<java.util.Map<java.lang.String, java.lang.Object>> org.springframework.boot.autoconfigure.web.BasicErrorController.error(javax.servlet.http.HttpServletRequest)
Mapped "{[/error],produces=[text/html]}" onto public org.springframework.web.servlet.ModelAndView org.springframework.boot.autoconfigure.web.BasicErrorController.errorHtml(javax.servlet.http.HttpServletRequest,javax.servlet.http.HttpServletResponse)
Mapped URL path [/webjars/**] onto handler of type [class org.springframework.web.servlet.resource.ResourceHttpRequestHandler]
Mapped URL path [/**] onto handler of type [class org.springframework.web.servlet.resource.ResourceHttpRequestHandler]
Mapped URL path [/**/favicon.ico] onto handler of type [class org.springframework.web.servlet.resource.ResourceHttpRequestHandler]
Started ProductCategoryRepositoryTest in 20.871 seconds (JVM running for 24.868)
Began transaction (1) for test context [DefaultTestContext@6385cb26 testClass = ProductCategoryRepositoryTest, testInstance = sell.repositor.ProductCategoryRepositoryTest@149d7cc6, testMethod = saveTest@ProductCategoryRepositoryTest, testException = [null], mergedContextConfiguration = [WebMergedContextConfiguration@38364841 testClass = ProductCategoryRepositoryTest, locations = '{}', classes = '{class sell.SellApplication}', contextInitializerClasses = '[]', activeProfiles = '{}', propertySourceLocations = '{}', propertySourceProperties = '{org.springframework.boot.test.context.SpringBootTestContextBootstrapper=true}', contextCustomizers = set[org.springframework.boot.test.context.SpringBootTestContextCustomizer@78c03f1f, org.springframework.boot.test.context.filter.ExcludeFilterContextCustomizer@5383967b, org.springframework.boot.test.mock.mockito.MockitoContextCustomizer@0, org.springframework.boot.test.autoconfigure.properties.PropertyMappingContextCustomizer@0, org.springframework.boot.test.autoconfigure.web.servlet.WebDriverContextCustomizerFactory$Customizer@4f970963], resourceBasePath = 'src/main/webapp', contextLoader = 'org.springframework.boot.test.context.SpringBootContextLoader', parent = [null]]]; transaction manager [org.springframework.orm.jpa.JpaTransactionManager@6658f08a]; rollback [true]
SQL Error: 1048, SQLState: 23000
Rolled back transaction for test context [DefaultTestContext@6385cb26 testClass = ProductCategoryRepositoryTest, testInstance = sell.repositor.ProductCategoryRepositoryTest@149d7cc6, testMethod = saveTest@ProductCategoryRepositoryTest, testException = org.springframework.dao.DataIntegrityViolationException: could not execute statement; SQL [n/a]; constraint [null]; nested exception is org.hibernate.exception.ConstraintViolationException: could not execute statement, mergedContextConfiguration = [WebMergedContextConfiguration@38364841 testClass = ProductCategoryRepositoryTest, locations = '{}', classes = '{class sell.SellApplication}', contextInitializerClasses = '[]', activeProfiles = '{}', propertySourceLocations = '{}', propertySourceProperties = '{org.springframework.boot.test.context.SpringBootTestContextBootstrapper=true}', contextCustomizers = set[org.springframework.boot.test.context.SpringBootTestContextCustomizer@78c03f1f, org.springframework.boot.test.context.filter.ExcludeFilterContextCustomizer@5383967b, org.springframework.boot.test.mock.mockito.MockitoContextCustomizer@0, org.springframework.boot.test.autoconfigure.properties.PropertyMappingContextCustomizer@0, org.springframework.boot.test.autoconfigure.web.servlet.WebDriverContextCustomizerFactory$Customizer@4f970963], resourceBasePath = 'src/main/webapp', contextLoader = 'org.springframework.boot.test.context.SpringBootContextLoader', parent = [null]]].
Closing org.springframework.web.context.support.GenericWebApplicationContext@5f8e8a9d: startup date [Wed Dec 04 23:22:47 CST 2019]; root of context hierarchy
Closing JPA EntityManagerFactory for persistence unit 'default'
[微信网页授权]获取code,result=https://open.weixin.qq.com/connect/oauth2/authorize?appid=wxebe3efd8fb84c22c&redirect_uri=http%3A%2F%2Fyier.natapp1.cc%2Fsell%2Fwechat%2FuserInfo&response_type=code&scope=snsapi_userinfo&state=http:/sell.com/#/#wechat_redirect
wxMpOAuth2AccessToken=WxMpOAuth2AccessToken{accessToken='null', expiresTime=-1, refreshToken='null', openId='null', scope='null', unionId='null'}
[微信网页授权]获取code,result=https://open.weixin.qq.com/connect/oauth2/authorize?appid=wxebe3efd8fb84c22c&redirect_uri=http%3A%2F%2Fyier.natapp1.cc%2Fsell%2Fwechat%2FuserInfo&response_type=code&scope=snsapi_userinfo&state=http://www.baidu.com#wechat_redirect
wxMpOAuth2AccessToken=WxMpOAuth2AccessToken{accessToken='null', expiresTime=-1, refreshToken='null', openId='null', scope='null', unionId='null'}
Starting ProductInfoRepositoryTest on AFOIG-801172222 with PID 141320 (started by Administrator in C:\Users\Administrator\Documents\sell)
No active profile set, falling back to default profiles: default
Refreshing org.springframework.web.context.support.GenericWebApplicationContext@2a8448fa: startup date [Wed Dec 04 23:24:52 CST 2019]; root of context hierarchy
HV000001: Hibernate Validator 5.3.5.Final
Building JPA container EntityManagerFactory for persistence unit 'default'
HHH000204: Processing PersistenceUnitInfo [
	name: default
	...]
HHH000412: Hibernate Core {5.0.12.Final}
HHH000206: hibernate.properties not found
HHH000021: Bytecode provider name : javassist
HCANN000001: Hibernate Commons Annotations {5.0.1.Final}
HHH000400: Using dialect: org.hibernate.dialect.MySQL5Dialect
Initialized JPA EntityManagerFactory for persistence unit 'default'
Looking for @ControllerAdvice: org.springframework.web.context.support.GenericWebApplicationContext@2a8448fa: startup date [Wed Dec 04 23:24:52 CST 2019]; root of context hierarchy
Mapped "{[/buyer/order/create],methods=[POST]}" onto public sell.VO.ResultVO<java.util.Map<java.lang.String, java.lang.String>> sell.crotroller.BuyerOrderController.create(sell.form.OrderForm,org.springframework.validation.BindingResult)
Mapped "{[/buyer/order/list],methods=[GET]}" onto public sell.VO.ResultVO<java.util.List<sell.dto.OrderDTO>> sell.crotroller.BuyerOrderController.list(java.lang.String,java.lang.Integer,java.lang.Integer)
Mapped "{[/buyer/order/cancel],methods=[GET]}" onto public sell.VO.ResultVO<sell.dto.OrderDTO> sell.crotroller.BuyerOrderController.cancel(java.lang.String,java.lang.String)
Mapped "{[/buyer/order/detail],methods=[GET]}" onto public sell.VO.ResultVO<sell.dto.OrderDTO> sell.crotroller.BuyerOrderController.detail(java.lang.String,java.lang.String)
Mapped "{[/buyer/product/list],methods=[GET]}" onto public sell.VO.ResultVO sell.crotroller.BuyerProductController.list()
Mapped "{[/wechat/userInfo],methods=[GET]}" onto public java.lang.String sell.crotroller.WechartController.userInfo(java.lang.String,java.lang.String)
Mapped "{[/wechat/authorize],methods=[GET]}" onto public java.lang.String sell.crotroller.WechartController.authorize(java.lang.String)
Mapped "{[/weixin/auth],methods=[GET]}" onto public void sell.crotroller.WexinController.auth(java.lang.String)
Mapped "{[/error]}" onto public org.springframework.http.ResponseEntity<java.util.Map<java.lang.String, java.lang.Object>> org.springframework.boot.autoconfigure.web.BasicErrorController.error(javax.servlet.http.HttpServletRequest)
Mapped "{[/error],produces=[text/html]}" onto public org.springframework.web.servlet.ModelAndView org.springframework.boot.autoconfigure.web.BasicErrorController.errorHtml(javax.servlet.http.HttpServletRequest,javax.servlet.http.HttpServletResponse)
Mapped URL path [/webjars/**] onto handler of type [class org.springframework.web.servlet.resource.ResourceHttpRequestHandler]
Mapped URL path [/**] onto handler of type [class org.springframework.web.servlet.resource.ResourceHttpRequestHandler]
Mapped URL path [/**/favicon.ico] onto handler of type [class org.springframework.web.servlet.resource.ResourceHttpRequestHandler]
Started ProductInfoRepositoryTest in 16.766 seconds (JVM running for 19.639)
Closing org.springframework.web.context.support.GenericWebApplicationContext@2a8448fa: startup date [Wed Dec 04 23:24:52 CST 2019]; root of context hierarchy
Closing JPA EntityManagerFactory for persistence unit 'default'
[微信网页授权]获取code,result=https://open.weixin.qq.com/connect/oauth2/authorize?appid=wxebe3efd8fb84c22c&redirect_uri=http%3A%2F%2Fyier.natapp1.cc%2Fsell%2Fwechat%2FuserInfo&response_type=code&scope=snsapi_userinfo&state=http://www.baidu.com#wechat_redirect
wxMpOAuth2AccessToken=WxMpOAuth2AccessToken{accessToken='null', expiresTime=-1, refreshToken='null', openId='null', scope='null', unionId='null'}
[微信网页授权]获取code,result=https://open.weixin.qq.com/connect/oauth2/authorize?appid=wxebe3efd8fb84c22c&redirect_uri=http%3A%2F%2Fyier.natapp1.cc%2Fsell%2Fwechat%2FuserInfo&response_type=code&scope=snsapi_userinfo&state=http:/sell.com/#/#wechat_redirect
wxMpOAuth2AccessToken=WxMpOAuth2AccessToken{accessToken='null', expiresTime=-1, refreshToken='null', openId='null', scope='null', unionId='null'}
Starting SellApplication on AFOIG-801172222 with PID 113824 (C:\Users\Administrator\Documents\sell\target\classes started by Administrator in C:\Users\Administrator\Documents\sell)
No active profile set, falling back to default profiles: default
Refreshing org.springframework.boot.context.embedded.AnnotationConfigEmbeddedWebApplicationContext@73a1e9a9: startup date [Wed Dec 04 23:31:27 CST 2019]; root of context hierarchy
HV000001: Hibernate Validator 5.3.5.Final
Tomcat initialized with port(s): 8080 (http)
Starting service Tomcat
Starting Servlet Engine: Apache Tomcat/8.5.14
Initializing Spring embedded WebApplicationContext
Root WebApplicationContext: initialization completed in 3277 ms
Mapping servlet: 'dispatcherServlet' to [/]
Mapping filter: 'characterEncodingFilter' to: [/*]
Mapping filter: 'hiddenHttpMethodFilter' to: [/*]
Mapping filter: 'httpPutFormContentFilter' to: [/*]
Mapping filter: 'requestContextFilter' to: [/*]
Building JPA container EntityManagerFactory for persistence unit 'default'
HHH000204: Processing PersistenceUnitInfo [
	name: default
	...]
HHH000412: Hibernate Core {5.0.12.Final}
HHH000206: hibernate.properties not found
HHH000021: Bytecode provider name : javassist
HCANN000001: Hibernate Commons Annotations {5.0.1.Final}
HHH000400: Using dialect: org.hibernate.dialect.MySQL5Dialect
Initialized JPA EntityManagerFactory for persistence unit 'default'
Looking for @ControllerAdvice: org.springframework.boot.context.embedded.AnnotationConfigEmbeddedWebApplicationContext@73a1e9a9: startup date [Wed Dec 04 23:31:27 CST 2019]; root of context hierarchy
Mapped "{[/buyer/order/create],methods=[POST]}" onto public sell.VO.ResultVO<java.util.Map<java.lang.String, java.lang.String>> sell.crotroller.BuyerOrderController.create(sell.form.OrderForm,org.springframework.validation.BindingResult)
Mapped "{[/buyer/order/list],methods=[GET]}" onto public sell.VO.ResultVO<java.util.List<sell.dto.OrderDTO>> sell.crotroller.BuyerOrderController.list(java.lang.String,java.lang.Integer,java.lang.Integer)
Mapped "{[/buyer/order/detail],methods=[GET]}" onto public sell.VO.ResultVO<sell.dto.OrderDTO> sell.crotroller.BuyerOrderController.detail(java.lang.String,java.lang.String)
Mapped "{[/buyer/order/cancel],methods=[GET]}" onto public sell.VO.ResultVO<sell.dto.OrderDTO> sell.crotroller.BuyerOrderController.cancel(java.lang.String,java.lang.String)
Mapped "{[/buyer/product/list],methods=[GET]}" onto public sell.VO.ResultVO sell.crotroller.BuyerProductController.list()
Mapped "{[/wechat/userInfo],methods=[GET]}" onto public java.lang.String sell.crotroller.WechartController.userInfo(java.lang.String,java.lang.String)
Mapped "{[/wechat/authorize],methods=[GET]}" onto public java.lang.String sell.crotroller.WechartController.authorize(java.lang.String)
Mapped "{[/weixin/auth],methods=[GET]}" onto public void sell.crotroller.WexinController.auth(java.lang.String)
Mapped "{[/error]}" onto public org.springframework.http.ResponseEntity<java.util.Map<java.lang.String, java.lang.Object>> org.springframework.boot.autoconfigure.web.BasicErrorController.error(javax.servlet.http.HttpServletRequest)
Mapped "{[/error],produces=[text/html]}" onto public org.springframework.web.servlet.ModelAndView org.springframework.boot.autoconfigure.web.BasicErrorController.errorHtml(javax.servlet.http.HttpServletRequest,javax.servlet.http.HttpServletResponse)
Mapped URL path [/webjars/**] onto handler of type [class org.springframework.web.servlet.resource.ResourceHttpRequestHandler]
Mapped URL path [/**] onto handler of type [class org.springframework.web.servlet.resource.ResourceHttpRequestHandler]
Mapped URL path [/**/favicon.ico] onto handler of type [class org.springframework.web.servlet.resource.ResourceHttpRequestHandler]
Registering beans for JMX exposure on startup
Initializing ProtocolHandler ["http-nio-8080"]
Starting ProtocolHandler ["http-nio-8080"]
Using a shared selector for servlet write/read
Tomcat started on port(s): 8080 (http)
Started SellApplication in 9.938 seconds (JVM running for 12.643)
Starting SellApplication on AFOIG-801172222 with PID 148100 (C:\Users\Administrator\Documents\sell\target\classes started by Administrator in C:\Users\Administrator\Documents\sell)
No active profile set, falling back to default profiles: default
Refreshing org.springframework.boot.context.embedded.AnnotationConfigEmbeddedWebApplicationContext@73a1e9a9: startup date [Wed Dec 04 23:32:28 CST 2019]; root of context hierarchy
HV000001: Hibernate Validator 5.3.5.Final
Tomcat initialized with port(s): 8080 (http)
Starting service Tomcat
Starting Servlet Engine: Apache Tomcat/8.5.14
Initializing Spring embedded WebApplicationContext
Root WebApplicationContext: initialization completed in 3471 ms
Mapping servlet: 'dispatcherServlet' to [/]
Mapping filter: 'characterEncodingFilter' to: [/*]
Mapping filter: 'hiddenHttpMethodFilter' to: [/*]
Mapping filter: 'httpPutFormContentFilter' to: [/*]
Mapping filter: 'requestContextFilter' to: [/*]
Building JPA container EntityManagerFactory for persistence unit 'default'
HHH000204: Processing PersistenceUnitInfo [
	name: default
	...]
HHH000412: Hibernate Core {5.0.12.Final}
HHH000206: hibernate.properties not found
HHH000021: Bytecode provider name : javassist
HCANN000001: Hibernate Commons Annotations {5.0.1.Final}
HHH000400: Using dialect: org.hibernate.dialect.MySQL5Dialect
Initialized JPA EntityManagerFactory for persistence unit 'default'
Looking for @ControllerAdvice: org.springframework.boot.context.embedded.AnnotationConfigEmbeddedWebApplicationContext@73a1e9a9: startup date [Wed Dec 04 23:32:28 CST 2019]; root of context hierarchy
Mapped "{[/buyer/order/create],methods=[POST]}" onto public sell.VO.ResultVO<java.util.Map<java.lang.String, java.lang.String>> sell.crotroller.BuyerOrderController.create(sell.form.OrderForm,org.springframework.validation.BindingResult)
Mapped "{[/buyer/order/list],methods=[GET]}" onto public sell.VO.ResultVO<java.util.List<sell.dto.OrderDTO>> sell.crotroller.BuyerOrderController.list(java.lang.String,java.lang.Integer,java.lang.Integer)
Mapped "{[/buyer/order/detail],methods=[GET]}" onto public sell.VO.ResultVO<sell.dto.OrderDTO> sell.crotroller.BuyerOrderController.detail(java.lang.String,java.lang.String)
Mapped "{[/buyer/order/cancel],methods=[GET]}" onto public sell.VO.ResultVO<sell.dto.OrderDTO> sell.crotroller.BuyerOrderController.cancel(java.lang.String,java.lang.String)
Mapped "{[/buyer/product/list],methods=[GET]}" onto public sell.VO.ResultVO sell.crotroller.BuyerProductController.list()
Mapped "{[/wechat/userInfo],methods=[GET]}" onto public java.lang.String sell.crotroller.WechartController.userInfo(java.lang.String,java.lang.String)
Mapped "{[/wechat/authorize],methods=[GET]}" onto public java.lang.String sell.crotroller.WechartController.authorize(java.lang.String)
Mapped "{[/weixin/auth],methods=[GET]}" onto public void sell.crotroller.WexinController.auth(java.lang.String)
Mapped "{[/error]}" onto public org.springframework.http.ResponseEntity<java.util.Map<java.lang.String, java.lang.Object>> org.springframework.boot.autoconfigure.web.BasicErrorController.error(javax.servlet.http.HttpServletRequest)
Mapped "{[/error],produces=[text/html]}" onto public org.springframework.web.servlet.ModelAndView org.springframework.boot.autoconfigure.web.BasicErrorController.errorHtml(javax.servlet.http.HttpServletRequest,javax.servlet.http.HttpServletResponse)
Mapped URL path [/webjars/**] onto handler of type [class org.springframework.web.servlet.resource.ResourceHttpRequestHandler]
Mapped URL path [/**] onto handler of type [class org.springframework.web.servlet.resource.ResourceHttpRequestHandler]
Mapped URL path [/**/favicon.ico] onto handler of type [class org.springframework.web.servlet.resource.ResourceHttpRequestHandler]
Registering beans for JMX exposure on startup
Initializing ProtocolHandler ["http-nio-8080"]
Starting ProtocolHandler ["http-nio-8080"]
Using a shared selector for servlet write/read
Tomcat started on port(s): 8080 (http)
Started SellApplication in 8.974 seconds (JVM running for 11.572)
Initializing Spring FrameworkServlet 'dispatcherServlet'
FrameworkServlet 'dispatcherServlet': initialization started
FrameworkServlet 'dispatcherServlet': initialization completed in 29 ms
[微信网页授权]获取code,result=https://open.weixin.qq.com/connect/oauth2/authorize?appid=wxebe3efd8fb84c22c&redirect_uri=http%3A%2F%2Fyier.natapp1.cc%2Fsell%2Fwechat%2FuserInfo&response_type=code&scope=snsapi_userinfo&state=http%3A%2Fsell.com%2F%23%2F#wechat_redirect
wxMpOAuth2AccessToken=WxMpOAuth2AccessToken{accessToken='28_xucrjk3Y1VoedgD2qYyyzsLVzxiYps2yjAbIXEoWXWr56Ocnt0r0skxW32uV2R4odSBxTWsvDGtu-R6H3Sw5fov0o6HZH2AJ0_tiryspQ1M', expiresTime=7200, refreshToken='28_aZmD9eGHhkaCcuEC-NOf65oaLJeQYC5sRwOjWdgnW1C7p2RF5lj0irqkpVBLuQ_ZXmd9Fz9EF5r24gB3w9SykbhuCjzCA5N05VSNGcCsHnU', openId='oGxrrv16yH9k4FONT55nBqKZ6Q9o', scope='snsapi_userinfo', unionId='null'}
[微信网页授权]获取code,result=https://open.weixin.qq.com/connect/oauth2/authorize?appid=wxebe3efd8fb84c22c&redirect_uri=http%3A%2F%2Fyier.natapp1.cc%2Fsell%2Fwechat%2FuserInfo&response_type=code&scope=snsapi_userinfo&state=http%3A%2Fsell.com%2F%23%2F#wechat_redirect
wxMpOAuth2AccessToken=WxMpOAuth2AccessToken{accessToken='28_ArbdIN7Nl3Z9MWj_OkX_fKbPd8afVLK_9kou138xIeQchr-VB84aS1Y7Nr8VRJfFTKSKI4OAZSHzruCzjvyrHb8KUWPnWHfI5kW0fbcLsJQ', expiresTime=7200, refreshToken='28_4woWiI1Mo4XKMfWJ0Y3z5NQZWwGDQfJdIpK8eZMybGPJ8ylxUAHut7rcYl6XyZ43RjjUmxYhOoBbyuPxCh48lYsn-wmBQJMAR0uY2885YMw', openId='oGxrrv16yH9k4FONT55nBqKZ6Q9o', scope='snsapi_userinfo', unionId='null'}
[微信网页授权]获取code,result=https://open.weixin.qq.com/connect/oauth2/authorize?appid=wxebe3efd8fb84c22c&redirect_uri=http%3A%2F%2Fyier.natapp1.cc%2Fsell%2Fwechat%2FuserInfo&response_type=code&scope=snsapi_userinfo&state=http%3A%2Fsell.com%2F%23%2F#wechat_redirect
wxMpOAuth2AccessToken=WxMpOAuth2AccessToken{accessToken='28_pMHOL4WpBKgpXGtNCD9IHCRi77B886s-hem0VQcegj4eCWk63eZL69V62hFysNacmhDiYsog1M8b5A6jepdv7ou_U-hKCGfrelMnuN1EsQg', expiresTime=7200, refreshToken='28_j9EKpaoXvr0Oc1bedHQWpSSP7JhsmdXk8f7_RJBlyUEhkPuFuuZoSjfNLsJSMGoQ9n5ru2u0EgX9aSoi8jOPqZLTUhXVpHl74gSjv5AHvwk', openId='oGxrrv16yH9k4FONT55nBqKZ6Q9o', scope='snsapi_userinfo', unionId='null'}
[微信网页授权]获取code,result=https://open.weixin.qq.com/connect/oauth2/authorize?appid=wxebe3efd8fb84c22c&redirect_uri=http%3A%2F%2Fyier.natapp1.cc%2Fsell%2Fwechat%2FuserInfo&response_type=code&scope=snsapi_userinfo&state=http%3A%2Fsell.com%2F%23%2F#wechat_redirect
wxMpOAuth2AccessToken=WxMpOAuth2AccessToken{accessToken='28_to0MW9QGxOi2SZ5T0-n29ZWNo7DLlXRjl1zjuPkHFWsSUn0aeEXNn09W6rUuCTpHhXuxbvVJiPenCS9sie50MEWHzMBlbmCubh2aWJjfpu8', expiresTime=7200, refreshToken='28_iDnT7CbipfhF6sk7DGhH6eunUqepgO8LV3sLr2KZVYkkSW9B8-WCuVJPVfG81lvfmMGW1-l9w9uniCfEsTKAMTcLz_POxU2H60PGMEHCKHs', openId='oGxrrv16yH9k4FONT55nBqKZ6Q9o', scope='snsapi_userinfo', unionId='null'}
[微信网页授权]获取code,result=https://open.weixin.qq.com/connect/oauth2/authorize?appid=wxebe3efd8fb84c22c&redirect_uri=http%3A%2F%2Fyier.natapp1.cc%2Fsell%2Fwechat%2FuserInfo&response_type=code&scope=snsapi_userinfo&state=http%3A%2Fsell.com%2F%23%2F#wechat_redirect
wxMpOAuth2AccessToken=WxMpOAuth2AccessToken{accessToken='28_rwLM7YtK4ySbCn2GIgjHrmAxJ4mMEZLDgqm-a2m6RkgU9WqxDI2kOPyDjAUADR9p2ozanflYHdZ_jKwMGtoKdKYEdn2NBzKAz0GbLAkb2vM', expiresTime=7200, refreshToken='28_jxcNt156_taYWo2Jg2w14Mmp51Nujldhzijnkyzi_aoaN06Wki0oWGbHX0LpqVUWD6bJ2s58XIpWNHKWSCvuU5qkGjr9GqFjDCBrybn1Xlo', openId='oGxrrv16yH9k4FONT55nBqKZ6Q9o', scope='snsapi_userinfo', unionId='null'}
[微信网页授权]获取code,result=https://open.weixin.qq.com/connect/oauth2/authorize?appid=wxebe3efd8fb84c22c&redirect_uri=http%3A%2F%2Fyier.natapp1.cc%2Fsell%2Fwechat%2FuserInfo&response_type=code&scope=snsapi_userinfo&state=http%3A%2Fsell.com%2F%23%2F#wechat_redirect
wxMpOAuth2AccessToken=WxMpOAuth2AccessToken{accessToken='28_ekvwTA_Qe5f46txPRBTT8kQwfVl12n5vD0gTcVV2E8wtT086IzWNI9g-mIDr1tPRIRt9i38EoRm4fjetzLKYi-bQmnvzBio-43AZdChCP8A', expiresTime=7200, refreshToken='28_KyWqnbmXvV2m901-FRh9l0u4aYT-mwqvfCB_wg7kk8lv6y9Z4YbxmELUyw4zKnubT5BF8gSFCwbzwQFFYOrnO_HVjUI3nyCR6_kO2oi9Bgg', openId='oGxrrv16yH9k4FONT55nBqKZ6Q9o', scope='snsapi_userinfo', unionId='null'}
[微信网页授权]获取code,result=https://open.weixin.qq.com/connect/oauth2/authorize?appid=wxebe3efd8fb84c22c&redirect_uri=http%3A%2F%2Fyier.natapp1.cc%2Fsell%2Fwechat%2FuserInfo&response_type=code&scope=snsapi_userinfo&state=http%3A%2Fsell.com%2F%23%2F#wechat_redirect
wxMpOAuth2AccessToken=WxMpOAuth2AccessToken{accessToken='28_gYKOf6QiWeJ1mUaoDlL5XN79_3fC-gpEuNQds7nxfq0qY9DeDfiWGeq7h6XFgUI3uxdmmfLYvlQgFNg5kbSUGFy5gMn2UtODiWVlpAlvCcw', expiresTime=7200, refreshToken='28_OzacvgaTgI76WeJ3tp--z697bxIYyV-_OVbUR1zdrckdTqRGoO7pquYlH7hXUjWX2qLl1K442H-OMcBnYZwQjfqht8xh-a1mfy56_B5Cqn4', openId='oGxrrv16yH9k4FONT55nBqKZ6Q9o', scope='snsapi_userinfo', unionId='null'}
[微信网页授权]获取code,result=https://open.weixin.qq.com/connect/oauth2/authorize?appid=wxebe3efd8fb84c22c&redirect_uri=http%3A%2F%2Fyier.natapp1.cc%2Fsell%2Fwechat%2FuserInfo&response_type=code&scope=snsapi_userinfo&state=sell.com%2F%23%2F#wechat_redirect
wxMpOAuth2AccessToken=WxMpOAuth2AccessToken{accessToken='28_2dowBQgsxfTzMvMNVmIZYzm34B8nkOtBSeoZF-mU9zhfb3SjJuGQ5aEdIm4viOacN-I7bpOriUBhy4cOvE79GrUZNnC0jQTAE_GB5I3MAfo', expiresTime=7200, refreshToken='28_DtupqBZPzcg6ePedjXNtRhuJL2fV_YUFBI3i_FUbkkp5_ej5NBAxA72wTyARTOI6HCQEUx_CPRjfUU42C8N0XDc_BcfIcv1-M3Ewl77iPaA', openId='oGxrrv16yH9k4FONT55nBqKZ6Q9o', scope='snsapi_userinfo', unionId='null'}
[微信网页授权]获取code,result=https://open.weixin.qq.com/connect/oauth2/authorize?appid=wxebe3efd8fb84c22c&redirect_uri=http%3A%2F%2Fyier.natapp1.cc%2Fsell%2Fwechat%2FuserInfo&response_type=code&scope=snsapi_userinfo&state=sell.com%2F%23%2F#wechat_redirect
wxMpOAuth2AccessToken=WxMpOAuth2AccessToken{accessToken='28_g0D3eIpoUamGSPAyPI634YAhAmUqkcnFlZ_C4JArpM2XXkJ10TlRynledAPYypBVZtKsWk8fGpkhYU9KJh8IicxC18QCxg0WDQaHzSuwzlg', expiresTime=7200, refreshToken='28_icduOEDDg199508AN5hKnNc4OCf1GV_q7M7F8IH0UAoGno-mrGB2AJ7-l4tbKB_8X44G2WFV310HWralUd-gVc3WLUHzsTpkndfoQVG9dlA', openId='oGxrrv16yH9k4FONT55nBqKZ6Q9o', scope='snsapi_userinfo', unionId='null'}
[微信网页授权]获取code,result=https://open.weixin.qq.com/connect/oauth2/authorize?appid=wxebe3efd8fb84c22c&redirect_uri=http%3A%2F%2Fyier.natapp1.cc%2Fsell%2Fwechat%2FuserInfo&response_type=code&scope=snsapi_userinfo&state=sell.com%2F%23%2F#wechat_redirect
wxMpOAuth2AccessToken=WxMpOAuth2AccessToken{accessToken='28_AIE-KgMB651DQjNpW9tWE_XXs8YLDIaXHfR_2wXPt7etqn1HMfU3SSFS0ZJZ81VMkUBOOKErE5H_hGUbm-GI-WkfpcXnFxB6ORdkKP32_Hs', expiresTime=7200, refreshToken='28_lOs5ioKZtxxJKVOBdIrym0f9OewG-yIpYq5sugBs0fY9FFB4QK3Rg9i5s_RotUFA0aukZOLCTMMMSV60Gl0CcjK3PNGlJd7Fx83T3794DuU', openId='oGxrrv16yH9k4FONT55nBqKZ6Q9o', scope='snsapi_userinfo', unionId='null'}
[微信网页授权]获取code,result=https://open.weixin.qq.com/connect/oauth2/authorize?appid=wxebe3efd8fb84c22c&redirect_uri=http%3A%2F%2Fyier.natapp1.cc%2Fsell%2Fwechat%2FuserInfo&response_type=code&scope=snsapi_userinfo&state=sell.com%2F%23%2F#wechat_redirect
wxMpOAuth2AccessToken=WxMpOAuth2AccessToken{accessToken='28_xa_WDoGTUR8_d47U0qI7zEwGDw3HO5JIUYg-VHc0odO3V7pEeKR8ZKw-9CIkp0725zRj95g7oyyTBo8ATGu8nKtEzV7hhtzVA14f2Tj0YDc', expiresTime=7200, refreshToken='28_S85D9X4pgFdww51nPY-zOGp8LOZjqggoP4qF4ylyzDC62Jmze0-yu_GpwgAfWqEMcLWQpajig8w-8mr6cTld7ZstFOCG-WyH18ukePLjv4o', openId='oGxrrv16yH9k4FONT55nBqKZ6Q9o', scope='snsapi_userinfo', unionId='null'}
[微信网页授权]获取code,result=https://open.weixin.qq.com/connect/oauth2/authorize?appid=wxebe3efd8fb84c22c&redirect_uri=http%3A%2F%2Fyier.natapp1.cc%2Fsell%2Fwechat%2FuserInfo&response_type=code&scope=snsapi_userinfo&state=sell.com%2F%23%2F#wechat_redirect
[微信网页授权]获取code,result=https://open.weixin.qq.com/connect/oauth2/authorize?appid=wxebe3efd8fb84c22c&redirect_uri=http%3A%2F%2Fyier.natapp1.cc%2Fsell%2Fwechat%2FuserInfo&response_type=code&scope=snsapi_userinfo&state=sell.com%2F%23%2F#wechat_redirect
wxMpOAuth2AccessToken=WxMpOAuth2AccessToken{accessToken='28_xT-E-A4xQ3uhasPyYPSbkHCtaGGbAMvRwr_l3tZJ7cknMPcBk4fjsanRTOQLxllJZaa-eeLrYILMR1mVtqPxTzxwBTgDpHKbuR9c8iiXAKg', expiresTime=7200, refreshToken='28_80X7NJwKOIW8c9w1TUta8M4golBRo7PgkxKYCfaIIKocjlReaSNJ4MG7xIJ_sy-l6Nc5YBFQ6Y3c2MxXz4ZegxEHefqs2aBTM-92R2LfLHk', openId='oGxrrv16yH9k4FONT55nBqKZ6Q9o', scope='snsapi_userinfo', unionId='null'}
[微信网页授权]获取code,result=https://open.weixin.qq.com/connect/oauth2/authorize?appid=wxebe3efd8fb84c22c&redirect_uri=http%3A%2F%2Fyier.natapp1.cc%2Fsell%2Fwechat%2FuserInfo&response_type=code&scope=snsapi_userinfo&state=sell.com%2F%23%2F#wechat_redirect
wxMpOAuth2AccessToken=WxMpOAuth2AccessToken{accessToken='28_MQeBC48XH4SvLh8sc_MKlc0vPpXjBFRXa14dEhpgMZOCiGVuWlseIKGjvaJQfYfv9QhYzkCTVoL_hnhQU0znzan5E9W68lFsXTvDXzxAUfo', expiresTime=7200, refreshToken='28_ae9U8wt0CbTtASX2CcytoByhm8Ml1dOmCUioBc5LmqXVRWXavXNMdbeg-lS5sTHR33VphWNIjef7o_lmZPOFWlArAqAS7sBWX2_KYOFqZPU', openId='oGxrrv16yH9k4FONT55nBqKZ6Q9o', scope='snsapi_userinfo', unionId='null'}
[微信网页授权]获取code,result=https://open.weixin.qq.com/connect/oauth2/authorize?appid=wxebe3efd8fb84c22c&redirect_uri=http%3A%2F%2Fyier.natapp1.cc%2Fsell%2Fwechat%2FuserInfo&response_type=code&scope=snsapi_userinfo&state=sell.com%2F%23%2F#wechat_redirect
wxMpOAuth2AccessToken=WxMpOAuth2AccessToken{accessToken='28_EyOuHtkkkwrgHiB3d4q1nDz8vq2IpDSQKAkzVas9FuDccoIE_IdhaBJtPL0YCdStr5PpD6VY3VgJVifCUnpm-hLb3axB-gojhdjDfs6NSnM', expiresTime=7200, refreshToken='28_0h2tP7LBynPYX8viJ6URffd6x84KT3fczdrRGDCHk3atA_sqku1fVY33k3tdE294demNB3NXetMt4a3KtQKBKqw7TnNxIyl5us57fvy47eg', openId='oGxrrv16yH9k4FONT55nBqKZ6Q9o', scope='snsapi_userinfo', unionId='null'}
[微信网页授权]获取code,result=https://open.weixin.qq.com/connect/oauth2/authorize?appid=wxebe3efd8fb84c22c&redirect_uri=http%3A%2F%2Fyier.natapp1.cc%2Fsell%2Fwechat%2FuserInfo&response_type=code&scope=snsapi_userinfo&state=sell.com%2F%23%2F#wechat_redirect
wxMpOAuth2AccessToken=WxMpOAuth2AccessToken{accessToken='28_-L8rvnUtqwnNw3mveWkufbwOP9dhQZJdqXh-TvQHiF0bfWaBxmdG8VKblKOw3pNbq6uEoz-swGX9cDykIM0eDWNnPILKpqF4myp8YG_uiFg', expiresTime=7200, refreshToken='28_0cAZ8kD2EBnfe96C122NYMX_jp2s43ip8Si2GPLYleuj5-2bGz0whEKC9EBed9cD5bSozN49wymQoPKZ3HtQeF8kAH-GamhF-u_iEE11l2w', openId='oGxrrv16yH9k4FONT55nBqKZ6Q9o', scope='snsapi_userinfo', unionId='null'}
[微信网页授权]获取code,result=https://open.weixin.qq.com/connect/oauth2/authorize?appid=wxebe3efd8fb84c22c&redirect_uri=http%3A%2F%2Fyier.natapp1.cc%2Fsell%2Fwechat%2FuserInfo&response_type=code&scope=snsapi_userinfo&state=sell.com%2F%23%2F#wechat_redirect
wxMpOAuth2AccessToken=WxMpOAuth2AccessToken{accessToken='28_MNk9J9l0K88JJRkRhKcSg8A1tRvXpvas-Tw2a-t9NLZD9L83tHLvPQNUTU4CoqCPdO7bfoHzHQ6t4xjHVr02fxLiShAaXjLpBcOGEAUsPCI', expiresTime=7200, refreshToken='28_SSzjStO55uXCDNUCe6RTfg4-O2adIQLAekR4T9G9uLwwplNgf6X1pvntz4GE37Lj6bJ4E7ZXLNyl-e06B0e1_9nNIsdzi76cFpZVeszxkp4', openId='oGxrrv16yH9k4FONT55nBqKZ6Q9o', scope='snsapi_userinfo', unionId='null'}
[微信网页授权]获取code,result=https://open.weixin.qq.com/connect/oauth2/authorize?appid=wxebe3efd8fb84c22c&redirect_uri=http%3A%2F%2Fyier.natapp1.cc%2Fsell%2Fwechat%2FuserInfo&response_type=code&scope=snsapi_userinfo&state=sell.com%2F%23%2F#wechat_redirect
wxMpOAuth2AccessToken=WxMpOAuth2AccessToken{accessToken='28__ZjCQzWraOUxi5UQzGWllnHJYakm0RpVjJVUHgnyRXzoVn6kQYHz3U5OsdS6US_URXJB1sOFc2NQa9EwSAN6T5CzEXqcg8To3ZLO12raat8', expiresTime=7200, refreshToken='28_filt6blLcNwOWnQFqHflmymulXZd1rFXSaXDBnhdLQWZtJQsuZZMm1G8uweHD-DdaZkZ9W2zfpxqpNC0_c_GKqo-yk-iu5JsTuKZV5YrIGk', openId='oGxrrv16yH9k4FONT55nBqKZ6Q9o', scope='snsapi_userinfo', unionId='null'}
