Starting ProductCategoryRepositoryTest on AFOIG-801172222 with PID 13304 (started by Administrator in C:\Users\Administrator\Documents\sell)
No active profile set, falling back to default profiles: default
Refreshing org.springframework.context.annotation.AnnotationConfigApplicationContext@196a42c3: startup date [Tue Jul 09 21:13:53 CST 2019]; root of context hierarchy
Building JPA container EntityManagerFactory for persistence unit 'default'
HHH000204: Processing PersistenceUnitInfo [
	name: default
	...]
HHH000412: Hibernate Core {5.0.12.Final}
HHH000206: hibernate.properties not found
HHH000021: Bytecode provider name : javassist
HCANN000001: Hibernate Commons Annotations {5.0.1.Final}
HHH000400: Using dialect: org.hibernate.dialect.MySQL5Dialect
Initialized JPA EntityManagerFactory for persistence unit 'default'
Started ProductCategoryRepositoryTest in 7.983 seconds (JVM running for 10.395)
Closing org.springframework.context.annotation.AnnotationConfigApplicationContext@196a42c3: startup date [Tue Jul 09 21:13:53 CST 2019]; root of context hierarchy
Closing JPA EntityManagerFactory for persistence unit 'default'
Starting ProductCategoryRepositoryTest on AFOIG-801172222 with PID 10344 (started by Administrator in C:\Users\Administrator\Documents\sell)
No active profile set, falling back to default profiles: default
Refreshing org.springframework.context.annotation.AnnotationConfigApplicationContext@196a42c3: startup date [Tue Jul 09 21:18:40 CST 2019]; root of context hierarchy
Building JPA container EntityManagerFactory for persistence unit 'default'
HHH000204: Processing PersistenceUnitInfo [
	name: default
	...]
HHH000412: Hibernate Core {5.0.12.Final}
HHH000206: hibernate.properties not found
HHH000021: Bytecode provider name : javassist
HCANN000001: Hibernate Commons Annotations {5.0.1.Final}
HHH000400: Using dialect: org.hibernate.dialect.MySQL5Dialect
Initialized JPA EntityManagerFactory for persistence unit 'default'
Started ProductCategoryRepositoryTest in 6.451 seconds (JVM running for 8.314)
Closing org.springframework.context.annotation.AnnotationConfigApplicationContext@196a42c3: startup date [Tue Jul 09 21:18:40 CST 2019]; root of context hierarchy
Closing JPA EntityManagerFactory for persistence unit 'default'
Starting ProductCategoryRepositoryTest on AFOIG-801172222 with PID 6132 (started by Administrator in C:\Users\Administrator\Documents\sell)
No active profile set, falling back to default profiles: default
Refreshing org.springframework.context.annotation.AnnotationConfigApplicationContext@196a42c3: startup date [Tue Jul 09 21:20:36 CST 2019]; root of context hierarchy
Building JPA container EntityManagerFactory for persistence unit 'default'
HHH000204: Processing PersistenceUnitInfo [
	name: default
	...]
HHH000412: Hibernate Core {5.0.12.Final}
HHH000206: hibernate.properties not found
HHH000021: Bytecode provider name : javassist
HCANN000001: Hibernate Commons Annotations {5.0.1.Final}
HHH000400: Using dialect: org.hibernate.dialect.MySQL5Dialect
Initialized JPA EntityManagerFactory for persistence unit 'default'
Started ProductCategoryRepositoryTest in 7.19 seconds (JVM running for 8.86)
Closing org.springframework.context.annotation.AnnotationConfigApplicationContext@196a42c3: startup date [Tue Jul 09 21:20:36 CST 2019]; root of context hierarchy
Closing JPA EntityManagerFactory for persistence unit 'default'
Starting ProductCategoryRepositoryTest on AFOIG-801172222 with PID 12244 (started by Administrator in C:\Users\Administrator\Documents\sell)
No active profile set, falling back to default profiles: default
Refreshing org.springframework.context.annotation.AnnotationConfigApplicationContext@75437611: startup date [Tue Jul 09 21:22:05 CST 2019]; root of context hierarchy
Building JPA container EntityManagerFactory for persistence unit 'default'
HHH000204: Processing PersistenceUnitInfo [
	name: default
	...]
HHH000412: Hibernate Core {5.0.12.Final}
HHH000206: hibernate.properties not found
HHH000021: Bytecode provider name : javassist
HCANN000001: Hibernate Commons Annotations {5.0.1.Final}
HHH000400: Using dialect: org.hibernate.dialect.MySQL5Dialect
Initialized JPA EntityManagerFactory for persistence unit 'default'
Started ProductCategoryRepositoryTest in 7.196 seconds (JVM running for 9.084)
Began transaction (1) for test context [DefaultTestContext@60438a68 testClass = ProductCategoryRepositoryTest, testInstance = ProductCategoryRepositoryTest@2a40cd94, testMethod = saveTest@ProductCategoryRepositoryTest, testException = [null], mergedContextConfiguration = [MergedContextConfiguration@140e5a13 testClass = ProductCategoryRepositoryTest, locations = '{}', classes = '{class SellApplication}', contextInitializerClasses = '[]', activeProfiles = '{}', propertySourceLocations = '{}', propertySourceProperties = '{org.springframework.boot.test.context.SpringBootTestContextBootstrapper=true}', contextCustomizers = set[org.springframework.boot.test.context.SpringBootTestContextCustomizer@464bee09, org.springframework.boot.test.context.filter.ExcludeFilterContextCustomizer@239963d8, org.springframework.boot.test.json.DuplicateJsonObjectContextCustomizerFactory$DuplicateJsonObjectContextCustomizer@31ef45e3, org.springframework.boot.test.mock.mockito.MockitoContextCustomizer@0, org.springframework.boot.test.autoconfigure.properties.PropertyMappingContextCustomizer@0, org.springframework.boot.test.autoconfigure.web.servlet.WebDriverContextCustomizerFactory$Customizer@73846619], contextLoader = 'org.springframework.boot.test.context.SpringBootContextLoader', parent = [null]]]; transaction manager [org.springframework.orm.jpa.JpaTransactionManager@54e3658c]; rollback [true]
Rolled back transaction for test: [DefaultTestContext@60438a68 testClass = ProductCategoryRepositoryTest, testInstance = ProductCategoryRepositoryTest@2a40cd94, testMethod = saveTest@ProductCategoryRepositoryTest, testException = [null], mergedContextConfiguration = [MergedContextConfiguration@140e5a13 testClass = ProductCategoryRepositoryTest, locations = '{}', classes = '{class SellApplication}', contextInitializerClasses = '[]', activeProfiles = '{}', propertySourceLocations = '{}', propertySourceProperties = '{org.springframework.boot.test.context.SpringBootTestContextBootstrapper=true}', contextCustomizers = set[org.springframework.boot.test.context.SpringBootTestContextCustomizer@464bee09, org.springframework.boot.test.context.filter.ExcludeFilterContextCustomizer@239963d8, org.springframework.boot.test.json.DuplicateJsonObjectContextCustomizerFactory$DuplicateJsonObjectContextCustomizer@31ef45e3, org.springframework.boot.test.mock.mockito.MockitoContextCustomizer@0, org.springframework.boot.test.autoconfigure.properties.PropertyMappingContextCustomizer@0, org.springframework.boot.test.autoconfigure.web.servlet.WebDriverContextCustomizerFactory$Customizer@73846619], contextLoader = 'org.springframework.boot.test.context.SpringBootContextLoader', parent = [null]]]
Closing org.springframework.context.annotation.AnnotationConfigApplicationContext@75437611: startup date [Tue Jul 09 21:22:05 CST 2019]; root of context hierarchy
Closing JPA EntityManagerFactory for persistence unit 'default'
Starting ProductCategoryRepositoryTest on AFOIG-801172222 with PID 6560 (started by Administrator in C:\Users\Administrator\Documents\sell)
No active profile set, falling back to default profiles: default
Refreshing org.springframework.context.annotation.AnnotationConfigApplicationContext@75437611: startup date [Tue Jul 09 21:30:36 CST 2019]; root of context hierarchy
Building JPA container EntityManagerFactory for persistence unit 'default'
HHH000204: Processing PersistenceUnitInfo [
	name: default
	...]
HHH000412: Hibernate Core {5.0.12.Final}
HHH000206: hibernate.properties not found
HHH000021: Bytecode provider name : javassist
HCANN000001: Hibernate Commons Annotations {5.0.1.Final}
HHH000400: Using dialect: org.hibernate.dialect.MySQL5Dialect
Initialized JPA EntityManagerFactory for persistence unit 'default'
Started ProductCategoryRepositoryTest in 6.903 seconds (JVM running for 8.634)
Began transaction (1) for test context [DefaultTestContext@60438a68 testClass = ProductCategoryRepositoryTest, testInstance = ProductCategoryRepositoryTest@2a40cd94, testMethod = saveTest@ProductCategoryRepositoryTest, testException = [null], mergedContextConfiguration = [MergedContextConfiguration@140e5a13 testClass = ProductCategoryRepositoryTest, locations = '{}', classes = '{class SellApplication}', contextInitializerClasses = '[]', activeProfiles = '{}', propertySourceLocations = '{}', propertySourceProperties = '{org.springframework.boot.test.context.SpringBootTestContextBootstrapper=true}', contextCustomizers = set[org.springframework.boot.test.context.SpringBootTestContextCustomizer@464bee09, org.springframework.boot.test.context.filter.ExcludeFilterContextCustomizer@239963d8, org.springframework.boot.test.json.DuplicateJsonObjectContextCustomizerFactory$DuplicateJsonObjectContextCustomizer@31ef45e3, org.springframework.boot.test.mock.mockito.MockitoContextCustomizer@0, org.springframework.boot.test.autoconfigure.properties.PropertyMappingContextCustomizer@0, org.springframework.boot.test.autoconfigure.web.servlet.WebDriverContextCustomizerFactory$Customizer@73846619], contextLoader = 'org.springframework.boot.test.context.SpringBootContextLoader', parent = [null]]]; transaction manager [org.springframework.orm.jpa.JpaTransactionManager@9596ce8]; rollback [true]
HHH000397: Using ASTQueryTranslatorFactory
Rolled back transaction for test: [DefaultTestContext@60438a68 testClass = ProductCategoryRepositoryTest, testInstance = ProductCategoryRepositoryTest@2a40cd94, testMethod = saveTest@ProductCategoryRepositoryTest, testException = [null], mergedContextConfiguration = [MergedContextConfiguration@140e5a13 testClass = ProductCategoryRepositoryTest, locations = '{}', classes = '{class SellApplication}', contextInitializerClasses = '[]', activeProfiles = '{}', propertySourceLocations = '{}', propertySourceProperties = '{org.springframework.boot.test.context.SpringBootTestContextBootstrapper=true}', contextCustomizers = set[org.springframework.boot.test.context.SpringBootTestContextCustomizer@464bee09, org.springframework.boot.test.context.filter.ExcludeFilterContextCustomizer@239963d8, org.springframework.boot.test.json.DuplicateJsonObjectContextCustomizerFactory$DuplicateJsonObjectContextCustomizer@31ef45e3, org.springframework.boot.test.mock.mockito.MockitoContextCustomizer@0, org.springframework.boot.test.autoconfigure.properties.PropertyMappingContextCustomizer@0, org.springframework.boot.test.autoconfigure.web.servlet.WebDriverContextCustomizerFactory$Customizer@73846619], contextLoader = 'org.springframework.boot.test.context.SpringBootContextLoader', parent = [null]]]
Closing org.springframework.context.annotation.AnnotationConfigApplicationContext@75437611: startup date [Tue Jul 09 21:30:36 CST 2019]; root of context hierarchy
Closing JPA EntityManagerFactory for persistence unit 'default'
Starting ProductCategoryRepositoryTest on AFOIG-801172222 with PID 3552 (started by Administrator in C:\Users\Administrator\Documents\sell)
No active profile set, falling back to default profiles: default
Refreshing org.springframework.context.annotation.AnnotationConfigApplicationContext@75437611: startup date [Tue Jul 09 21:31:12 CST 2019]; root of context hierarchy
Building JPA container EntityManagerFactory for persistence unit 'default'
HHH000204: Processing PersistenceUnitInfo [
	name: default
	...]
HHH000412: Hibernate Core {5.0.12.Final}
HHH000206: hibernate.properties not found
HHH000021: Bytecode provider name : javassist
HCANN000001: Hibernate Commons Annotations {5.0.1.Final}
HHH000400: Using dialect: org.hibernate.dialect.MySQL5Dialect
Initialized JPA EntityManagerFactory for persistence unit 'default'
Started ProductCategoryRepositoryTest in 10.471 seconds (JVM running for 12.805)
Began transaction (1) for test context [DefaultTestContext@60438a68 testClass = ProductCategoryRepositoryTest, testInstance = ProductCategoryRepositoryTest@2a40cd94, testMethod = saveTest@ProductCategoryRepositoryTest, testException = [null], mergedContextConfiguration = [MergedContextConfiguration@140e5a13 testClass = ProductCategoryRepositoryTest, locations = '{}', classes = '{class SellApplication}', contextInitializerClasses = '[]', activeProfiles = '{}', propertySourceLocations = '{}', propertySourceProperties = '{org.springframework.boot.test.context.SpringBootTestContextBootstrapper=true}', contextCustomizers = set[org.springframework.boot.test.context.SpringBootTestContextCustomizer@464bee09, org.springframework.boot.test.context.filter.ExcludeFilterContextCustomizer@239963d8, org.springframework.boot.test.json.DuplicateJsonObjectContextCustomizerFactory$DuplicateJsonObjectContextCustomizer@31ef45e3, org.springframework.boot.test.mock.mockito.MockitoContextCustomizer@0, org.springframework.boot.test.autoconfigure.properties.PropertyMappingContextCustomizer@0, org.springframework.boot.test.autoconfigure.web.servlet.WebDriverContextCustomizerFactory$Customizer@73846619], contextLoader = 'org.springframework.boot.test.context.SpringBootContextLoader', parent = [null]]]; transaction manager [org.springframework.orm.jpa.JpaTransactionManager@54e3658c]; rollback [true]
HHH000397: Using ASTQueryTranslatorFactory
Rolled back transaction for test: [DefaultTestContext@60438a68 testClass = ProductCategoryRepositoryTest, testInstance = ProductCategoryRepositoryTest@2a40cd94, testMethod = saveTest@ProductCategoryRepositoryTest, testException = [null], mergedContextConfiguration = [MergedContextConfiguration@140e5a13 testClass = ProductCategoryRepositoryTest, locations = '{}', classes = '{class SellApplication}', contextInitializerClasses = '[]', activeProfiles = '{}', propertySourceLocations = '{}', propertySourceProperties = '{org.springframework.boot.test.context.SpringBootTestContextBootstrapper=true}', contextCustomizers = set[org.springframework.boot.test.context.SpringBootTestContextCustomizer@464bee09, org.springframework.boot.test.context.filter.ExcludeFilterContextCustomizer@239963d8, org.springframework.boot.test.json.DuplicateJsonObjectContextCustomizerFactory$DuplicateJsonObjectContextCustomizer@31ef45e3, org.springframework.boot.test.mock.mockito.MockitoContextCustomizer@0, org.springframework.boot.test.autoconfigure.properties.PropertyMappingContextCustomizer@0, org.springframework.boot.test.autoconfigure.web.servlet.WebDriverContextCustomizerFactory$Customizer@73846619], contextLoader = 'org.springframework.boot.test.context.SpringBootContextLoader', parent = [null]]]
Closing org.springframework.context.annotation.AnnotationConfigApplicationContext@75437611: startup date [Tue Jul 09 21:31:12 CST 2019]; root of context hierarchy
Closing JPA EntityManagerFactory for persistence unit 'default'
Starting ProductCategoryRepositoryTest on AFOIG-801172222 with PID 11444 (started by Administrator in C:\Users\Administrator\Documents\sell)
No active profile set, falling back to default profiles: default
Refreshing org.springframework.context.annotation.AnnotationConfigApplicationContext@4cc6fa2a: startup date [Tue Jul 09 21:32:05 CST 2019]; root of context hierarchy
Building JPA container EntityManagerFactory for persistence unit 'default'
HHH000204: Processing PersistenceUnitInfo [
	name: default
	...]
HHH000412: Hibernate Core {5.0.12.Final}
HHH000206: hibernate.properties not found
HHH000021: Bytecode provider name : javassist
HCANN000001: Hibernate Commons Annotations {5.0.1.Final}
HHH000400: Using dialect: org.hibernate.dialect.MySQL5Dialect
Initialized JPA EntityManagerFactory for persistence unit 'default'
Started ProductCategoryRepositoryTest in 8.577 seconds (JVM running for 11.79)
Began transaction (1) for test context [DefaultTestContext@378542de testClass = ProductCategoryRepositoryTest, testInstance = ProductCategoryRepositoryTest@44821a96, testMethod = saveTest@ProductCategoryRepositoryTest, testException = [null], mergedContextConfiguration = [MergedContextConfiguration@3738449f testClass = ProductCategoryRepositoryTest, locations = '{}', classes = '{class SellApplication}', contextInitializerClasses = '[]', activeProfiles = '{}', propertySourceLocations = '{}', propertySourceProperties = '{org.springframework.boot.test.context.SpringBootTestContextBootstrapper=true}', contextCustomizers = set[org.springframework.boot.test.context.SpringBootTestContextCustomizer@1817d444, org.springframework.boot.test.context.filter.ExcludeFilterContextCustomizer@31368b99, org.springframework.boot.test.json.DuplicateJsonObjectContextCustomizerFactory$DuplicateJsonObjectContextCustomizer@4ac3c60d, org.springframework.boot.test.mock.mockito.MockitoContextCustomizer@0, org.springframework.boot.test.autoconfigure.properties.PropertyMappingContextCustomizer@0, org.springframework.boot.test.autoconfigure.web.servlet.WebDriverContextCustomizerFactory$Customizer@40ef3420], contextLoader = 'org.springframework.boot.test.context.SpringBootContextLoader', parent = [null]]]; transaction manager [org.springframework.orm.jpa.JpaTransactionManager@24134cbc]; rollback [true]
HHH000397: Using ASTQueryTranslatorFactory
Starting ProductCategoryRepositoryTest on AFOIG-801172222 with PID 1324 (started by Administrator in C:\Users\Administrator\Documents\sell)
No active profile set, falling back to default profiles: default
Refreshing org.springframework.context.annotation.AnnotationConfigApplicationContext@2d901eb0: startup date [Tue Jul 09 21:33:07 CST 2019]; root of context hierarchy
Building JPA container EntityManagerFactory for persistence unit 'default'
HHH000204: Processing PersistenceUnitInfo [
	name: default
	...]
HHH000412: Hibernate Core {5.0.12.Final}
HHH000206: hibernate.properties not found
HHH000021: Bytecode provider name : javassist
HCANN000001: Hibernate Commons Annotations {5.0.1.Final}
HHH000400: Using dialect: org.hibernate.dialect.MySQL5Dialect
Initialized JPA EntityManagerFactory for persistence unit 'default'
Started ProductCategoryRepositoryTest in 8.821 seconds (JVM running for 11.491)
Closing org.springframework.context.annotation.AnnotationConfigApplicationContext@2d901eb0: startup date [Tue Jul 09 21:33:07 CST 2019]; root of context hierarchy
Closing JPA EntityManagerFactory for persistence unit 'default'
Starting ProductCategoryRepositoryTest on AFOIG-801172222 with PID 12140 (started by Administrator in C:\Users\Administrator\Documents\sell)
No active profile set, falling back to default profiles: default
Refreshing org.springframework.context.annotation.AnnotationConfigApplicationContext@2d901eb0: startup date [Tue Jul 09 21:33:26 CST 2019]; root of context hierarchy
Building JPA container EntityManagerFactory for persistence unit 'default'
HHH000204: Processing PersistenceUnitInfo [
	name: default
	...]
HHH000412: Hibernate Core {5.0.12.Final}
HHH000206: hibernate.properties not found
HHH000021: Bytecode provider name : javassist
HCANN000001: Hibernate Commons Annotations {5.0.1.Final}
HHH000400: Using dialect: org.hibernate.dialect.MySQL5Dialect
Initialized JPA EntityManagerFactory for persistence unit 'default'
Started ProductCategoryRepositoryTest in 7.361 seconds (JVM running for 9.273)
Began transaction (1) for test context [DefaultTestContext@58a90037 testClass = ProductCategoryRepositoryTest, testInstance = ProductCategoryRepositoryTest@7181ae3f, testMethod = saveTest@ProductCategoryRepositoryTest, testException = [null], mergedContextConfiguration = [MergedContextConfiguration@74294adb testClass = ProductCategoryRepositoryTest, locations = '{}', classes = '{class SellApplication}', contextInitializerClasses = '[]', activeProfiles = '{}', propertySourceLocations = '{}', propertySourceProperties = '{org.springframework.boot.test.context.SpringBootTestContextBootstrapper=true}', contextCustomizers = set[org.springframework.boot.test.context.SpringBootTestContextCustomizer@59ec2012, org.springframework.boot.test.context.filter.ExcludeFilterContextCustomizer@3fee9989, org.springframework.boot.test.json.DuplicateJsonObjectContextCustomizerFactory$DuplicateJsonObjectContextCustomizer@1ce92674, org.springframework.boot.test.mock.mockito.MockitoContextCustomizer@0, org.springframework.boot.test.autoconfigure.properties.PropertyMappingContextCustomizer@0, org.springframework.boot.test.autoconfigure.web.servlet.WebDriverContextCustomizerFactory$Customizer@617faa95], contextLoader = 'org.springframework.boot.test.context.SpringBootContextLoader', parent = [null]]]; transaction manager [org.springframework.orm.jpa.JpaTransactionManager@255eaa6b]; rollback [true]
HHH000397: Using ASTQueryTranslatorFactory
Rolled back transaction for test: [DefaultTestContext@58a90037 testClass = ProductCategoryRepositoryTest, testInstance = ProductCategoryRepositoryTest@7181ae3f, testMethod = saveTest@ProductCategoryRepositoryTest, testException = [null], mergedContextConfiguration = [MergedContextConfiguration@74294adb testClass = ProductCategoryRepositoryTest, locations = '{}', classes = '{class SellApplication}', contextInitializerClasses = '[]', activeProfiles = '{}', propertySourceLocations = '{}', propertySourceProperties = '{org.springframework.boot.test.context.SpringBootTestContextBootstrapper=true}', contextCustomizers = set[org.springframework.boot.test.context.SpringBootTestContextCustomizer@59ec2012, org.springframework.boot.test.context.filter.ExcludeFilterContextCustomizer@3fee9989, org.springframework.boot.test.json.DuplicateJsonObjectContextCustomizerFactory$DuplicateJsonObjectContextCustomizer@1ce92674, org.springframework.boot.test.mock.mockito.MockitoContextCustomizer@0, org.springframework.boot.test.autoconfigure.properties.PropertyMappingContextCustomizer@0, org.springframework.boot.test.autoconfigure.web.servlet.WebDriverContextCustomizerFactory$Customizer@617faa95], contextLoader = 'org.springframework.boot.test.context.SpringBootContextLoader', parent = [null]]]
Closing org.springframework.context.annotation.AnnotationConfigApplicationContext@2d901eb0: startup date [Tue Jul 09 21:33:26 CST 2019]; root of context hierarchy
Closing JPA EntityManagerFactory for persistence unit 'default'
Starting ProductCategoryRepositoryTest on AFOIG-801172222 with PID 4352 (started by Administrator in C:\Users\Administrator\Documents\sell)
No active profile set, falling back to default profiles: default
Refreshing org.springframework.context.annotation.AnnotationConfigApplicationContext@2d901eb0: startup date [Tue Jul 09 21:35:09 CST 2019]; root of context hierarchy
Building JPA container EntityManagerFactory for persistence unit 'default'
HHH000204: Processing PersistenceUnitInfo [
	name: default
	...]
HHH000412: Hibernate Core {5.0.12.Final}
HHH000206: hibernate.properties not found
HHH000021: Bytecode provider name : javassist
HCANN000001: Hibernate Commons Annotations {5.0.1.Final}
HHH000400: Using dialect: org.hibernate.dialect.MySQL5Dialect
Initialized JPA EntityManagerFactory for persistence unit 'default'
Started ProductCategoryRepositoryTest in 7.95 seconds (JVM running for 9.751)
Began transaction (1) for test context [DefaultTestContext@58a90037 testClass = ProductCategoryRepositoryTest, testInstance = ProductCategoryRepositoryTest@7181ae3f, testMethod = saveTest@ProductCategoryRepositoryTest, testException = [null], mergedContextConfiguration = [MergedContextConfiguration@74294adb testClass = ProductCategoryRepositoryTest, locations = '{}', classes = '{class SellApplication}', contextInitializerClasses = '[]', activeProfiles = '{}', propertySourceLocations = '{}', propertySourceProperties = '{org.springframework.boot.test.context.SpringBootTestContextBootstrapper=true}', contextCustomizers = set[org.springframework.boot.test.context.SpringBootTestContextCustomizer@59ec2012, org.springframework.boot.test.context.filter.ExcludeFilterContextCustomizer@3fee9989, org.springframework.boot.test.json.DuplicateJsonObjectContextCustomizerFactory$DuplicateJsonObjectContextCustomizer@1ce92674, org.springframework.boot.test.mock.mockito.MockitoContextCustomizer@0, org.springframework.boot.test.autoconfigure.properties.PropertyMappingContextCustomizer@0, org.springframework.boot.test.autoconfigure.web.servlet.WebDriverContextCustomizerFactory$Customizer@617faa95], contextLoader = 'org.springframework.boot.test.context.SpringBootContextLoader', parent = [null]]]; transaction manager [org.springframework.orm.jpa.JpaTransactionManager@a66e580]; rollback [true]
HHH000397: Using ASTQueryTranslatorFactory
Rolled back transaction for test: [DefaultTestContext@58a90037 testClass = ProductCategoryRepositoryTest, testInstance = ProductCategoryRepositoryTest@7181ae3f, testMethod = saveTest@ProductCategoryRepositoryTest, testException = [null], mergedContextConfiguration = [MergedContextConfiguration@74294adb testClass = ProductCategoryRepositoryTest, locations = '{}', classes = '{class SellApplication}', contextInitializerClasses = '[]', activeProfiles = '{}', propertySourceLocations = '{}', propertySourceProperties = '{org.springframework.boot.test.context.SpringBootTestContextBootstrapper=true}', contextCustomizers = set[org.springframework.boot.test.context.SpringBootTestContextCustomizer@59ec2012, org.springframework.boot.test.context.filter.ExcludeFilterContextCustomizer@3fee9989, org.springframework.boot.test.json.DuplicateJsonObjectContextCustomizerFactory$DuplicateJsonObjectContextCustomizer@1ce92674, org.springframework.boot.test.mock.mockito.MockitoContextCustomizer@0, org.springframework.boot.test.autoconfigure.properties.PropertyMappingContextCustomizer@0, org.springframework.boot.test.autoconfigure.web.servlet.WebDriverContextCustomizerFactory$Customizer@617faa95], contextLoader = 'org.springframework.boot.test.context.SpringBootContextLoader', parent = [null]]]
Closing org.springframework.context.annotation.AnnotationConfigApplicationContext@2d901eb0: startup date [Tue Jul 09 21:35:09 CST 2019]; root of context hierarchy
Closing JPA EntityManagerFactory for persistence unit 'default'
Starting ProductCategoryRepositoryTest on AFOIG-801172222 with PID 8612 (started by Administrator in C:\Users\Administrator\Documents\sell)
No active profile set, falling back to default profiles: default
Refreshing org.springframework.context.annotation.AnnotationConfigApplicationContext@2d901eb0: startup date [Tue Jul 09 21:35:56 CST 2019]; root of context hierarchy
Building JPA container EntityManagerFactory for persistence unit 'default'
HHH000204: Processing PersistenceUnitInfo [
	name: default
	...]
HHH000412: Hibernate Core {5.0.12.Final}
HHH000206: hibernate.properties not found
HHH000021: Bytecode provider name : javassist
HCANN000001: Hibernate Commons Annotations {5.0.1.Final}
HHH000400: Using dialect: org.hibernate.dialect.MySQL5Dialect
Initialized JPA EntityManagerFactory for persistence unit 'default'
Exception encountered during context initialization - cancelling refresh attempt: org.springframework.beans.factory.BeanCreationException: Error creating bean with name 'productCategoryRepository': Invocation of init method failed; nested exception is java.lang.IllegalArgumentException: Failed to create query method public abstract java.util.List ProductCategoryRepository.findByCategoryTypeIn2(java.util.List)! No property categoryTypeIn2 found for type ProductCategory!
Closing JPA EntityManagerFactory for persistence unit 'default'


Error starting ApplicationContext. To display the auto-configuration report re-run your application with 'debug' enabled.
Starting ProductCategoryRepositoryTest on AFOIG-801172222 with PID 8612 (started by Administrator in C:\Users\Administrator\Documents\sell)
No active profile set, falling back to default profiles: default
Refreshing org.springframework.context.annotation.AnnotationConfigApplicationContext@6f2e1024: startup date [Tue Jul 09 21:36:02 CST 2019]; root of context hierarchy
Building JPA container EntityManagerFactory for persistence unit 'default'
HHH000204: Processing PersistenceUnitInfo [
	name: default
	...]
HHH000400: Using dialect: org.hibernate.dialect.MySQL5Dialect
Initialized JPA EntityManagerFactory for persistence unit 'default'
Exception encountered during context initialization - cancelling refresh attempt: org.springframework.beans.factory.BeanCreationException: Error creating bean with name 'productCategoryRepository': Invocation of init method failed; nested exception is java.lang.IllegalArgumentException: Failed to create query method public abstract java.util.List ProductCategoryRepository.findByCategoryTypeIn2(java.util.List)! No property categoryTypeIn2 found for type ProductCategory!
Closing JPA EntityManagerFactory for persistence unit 'default'


Error starting ApplicationContext. To display the auto-configuration report re-run your application with 'debug' enabled.
Starting ProductCategoryRepositoryTest on AFOIG-801172222 with PID 9952 (started by Administrator in C:\Users\Administrator\Documents\sell)
No active profile set, falling back to default profiles: default
Refreshing org.springframework.context.annotation.AnnotationConfigApplicationContext@2d901eb0: startup date [Tue Jul 09 21:36:35 CST 2019]; root of context hierarchy
Building JPA container EntityManagerFactory for persistence unit 'default'
HHH000204: Processing PersistenceUnitInfo [
	name: default
	...]
HHH000412: Hibernate Core {5.0.12.Final}
HHH000206: hibernate.properties not found
HHH000021: Bytecode provider name : javassist
HCANN000001: Hibernate Commons Annotations {5.0.1.Final}
HHH000400: Using dialect: org.hibernate.dialect.MySQL5Dialect
Initialized JPA EntityManagerFactory for persistence unit 'default'
Started ProductCategoryRepositoryTest in 6.996 seconds (JVM running for 8.792)
Began transaction (1) for test context [DefaultTestContext@58a90037 testClass = ProductCategoryRepositoryTest, testInstance = ProductCategoryRepositoryTest@7181ae3f, testMethod = saveTest@ProductCategoryRepositoryTest, testException = [null], mergedContextConfiguration = [MergedContextConfiguration@74294adb testClass = ProductCategoryRepositoryTest, locations = '{}', classes = '{class SellApplication}', contextInitializerClasses = '[]', activeProfiles = '{}', propertySourceLocations = '{}', propertySourceProperties = '{org.springframework.boot.test.context.SpringBootTestContextBootstrapper=true}', contextCustomizers = set[org.springframework.boot.test.context.SpringBootTestContextCustomizer@59ec2012, org.springframework.boot.test.context.filter.ExcludeFilterContextCustomizer@3fee9989, org.springframework.boot.test.json.DuplicateJsonObjectContextCustomizerFactory$DuplicateJsonObjectContextCustomizer@1ce92674, org.springframework.boot.test.mock.mockito.MockitoContextCustomizer@0, org.springframework.boot.test.autoconfigure.properties.PropertyMappingContextCustomizer@0, org.springframework.boot.test.autoconfigure.web.servlet.WebDriverContextCustomizerFactory$Customizer@617faa95], contextLoader = 'org.springframework.boot.test.context.SpringBootContextLoader', parent = [null]]]; transaction manager [org.springframework.orm.jpa.JpaTransactionManager@43e9089]; rollback [true]
HHH000397: Using ASTQueryTranslatorFactory
Rolled back transaction for test: [DefaultTestContext@58a90037 testClass = ProductCategoryRepositoryTest, testInstance = ProductCategoryRepositoryTest@7181ae3f, testMethod = saveTest@ProductCategoryRepositoryTest, testException = [null], mergedContextConfiguration = [MergedContextConfiguration@74294adb testClass = ProductCategoryRepositoryTest, locations = '{}', classes = '{class SellApplication}', contextInitializerClasses = '[]', activeProfiles = '{}', propertySourceLocations = '{}', propertySourceProperties = '{org.springframework.boot.test.context.SpringBootTestContextBootstrapper=true}', contextCustomizers = set[org.springframework.boot.test.context.SpringBootTestContextCustomizer@59ec2012, org.springframework.boot.test.context.filter.ExcludeFilterContextCustomizer@3fee9989, org.springframework.boot.test.json.DuplicateJsonObjectContextCustomizerFactory$DuplicateJsonObjectContextCustomizer@1ce92674, org.springframework.boot.test.mock.mockito.MockitoContextCustomizer@0, org.springframework.boot.test.autoconfigure.properties.PropertyMappingContextCustomizer@0, org.springframework.boot.test.autoconfigure.web.servlet.WebDriverContextCustomizerFactory$Customizer@617faa95], contextLoader = 'org.springframework.boot.test.context.SpringBootContextLoader', parent = [null]]]
Closing org.springframework.context.annotation.AnnotationConfigApplicationContext@2d901eb0: startup date [Tue Jul 09 21:36:35 CST 2019]; root of context hierarchy
Closing JPA EntityManagerFactory for persistence unit 'default'
Starting CategoryServiceImplTest on AFOIG-801172222 with PID 12112 (started by Administrator in C:\Users\Administrator\Documents\sell)
No active profile set, falling back to default profiles: default
Refreshing org.springframework.context.annotation.AnnotationConfigApplicationContext@5d0bf09b: startup date [Tue Jul 09 22:12:05 CST 2019]; root of context hierarchy
Building JPA container EntityManagerFactory for persistence unit 'default'
HHH000204: Processing PersistenceUnitInfo [
	name: default
	...]
HHH000412: Hibernate Core {5.0.12.Final}
HHH000206: hibernate.properties not found
HHH000021: Bytecode provider name : javassist
HCANN000001: Hibernate Commons Annotations {5.0.1.Final}
HHH000400: Using dialect: org.hibernate.dialect.MySQL5Dialect
Initialized JPA EntityManagerFactory for persistence unit 'default'
Started CategoryServiceImplTest in 7.193 seconds (JVM running for 9.145)
Closing org.springframework.context.annotation.AnnotationConfigApplicationContext@5d0bf09b: startup date [Tue Jul 09 22:12:05 CST 2019]; root of context hierarchy
Closing JPA EntityManagerFactory for persistence unit 'default'
Starting CategoryServiceImplTest on AFOIG-801172222 with PID 3828 (started by Administrator in C:\Users\Administrator\Documents\sell)
No active profile set, falling back to default profiles: default
Refreshing org.springframework.context.annotation.AnnotationConfigApplicationContext@74d1dc36: startup date [Tue Jul 09 22:17:59 CST 2019]; root of context hierarchy
Building JPA container EntityManagerFactory for persistence unit 'default'
HHH000204: Processing PersistenceUnitInfo [
	name: default
	...]
HHH000412: Hibernate Core {5.0.12.Final}
HHH000206: hibernate.properties not found
HHH000021: Bytecode provider name : javassist
HCANN000001: Hibernate Commons Annotations {5.0.1.Final}
HHH000400: Using dialect: org.hibernate.dialect.MySQL5Dialect
Initialized JPA EntityManagerFactory for persistence unit 'default'
Started CategoryServiceImplTest in 7.659 seconds (JVM running for 9.303)
HHH000397: Using ASTQueryTranslatorFactory
Closing org.springframework.context.annotation.AnnotationConfigApplicationContext@74d1dc36: startup date [Tue Jul 09 22:17:59 CST 2019]; root of context hierarchy
Closing JPA EntityManagerFactory for persistence unit 'default'
Starting CategoryServiceImplTest on AFOIG-801172222 with PID 12600 (started by Administrator in C:\Users\Administrator\Documents\sell)
No active profile set, falling back to default profiles: default
Refreshing org.springframework.context.annotation.AnnotationConfigApplicationContext@5d0bf09b: startup date [Tue Jul 09 22:18:16 CST 2019]; root of context hierarchy
Building JPA container EntityManagerFactory for persistence unit 'default'
HHH000204: Processing PersistenceUnitInfo [
	name: default
	...]
HHH000412: Hibernate Core {5.0.12.Final}
HHH000206: hibernate.properties not found
HHH000021: Bytecode provider name : javassist
HCANN000001: Hibernate Commons Annotations {5.0.1.Final}
HHH000400: Using dialect: org.hibernate.dialect.MySQL5Dialect
Initialized JPA EntityManagerFactory for persistence unit 'default'
Started CategoryServiceImplTest in 7.975 seconds (JVM running for 9.697)
HHH000397: Using ASTQueryTranslatorFactory
Closing org.springframework.context.annotation.AnnotationConfigApplicationContext@5d0bf09b: startup date [Tue Jul 09 22:18:16 CST 2019]; root of context hierarchy
Closing JPA EntityManagerFactory for persistence unit 'default'
Starting CategoryServiceImplTest on AFOIG-801172222 with PID 8628 (started by Administrator in C:\Users\Administrator\Documents\sell)
No active profile set, falling back to default profiles: default
Refreshing org.springframework.context.annotation.AnnotationConfigApplicationContext@1e1d3956: startup date [Tue Jul 09 22:19:39 CST 2019]; root of context hierarchy
Building JPA container EntityManagerFactory for persistence unit 'default'
HHH000204: Processing PersistenceUnitInfo [
	name: default
	...]
HHH000412: Hibernate Core {5.0.12.Final}
HHH000206: hibernate.properties not found
HHH000021: Bytecode provider name : javassist
HCANN000001: Hibernate Commons Annotations {5.0.1.Final}
HHH000400: Using dialect: org.hibernate.dialect.MySQL5Dialect
Initialized JPA EntityManagerFactory for persistence unit 'default'
Started CategoryServiceImplTest in 8.774 seconds (JVM running for 11.23)
HHH000397: Using ASTQueryTranslatorFactory
Starting CategoryServiceImplTest on AFOIG-801172222 with PID 11252 (started by Administrator in C:\Users\Administrator\Documents\sell)
No active profile set, falling back to default profiles: default
Refreshing org.springframework.context.annotation.AnnotationConfigApplicationContext@5d0bf09b: startup date [Tue Jul 09 22:22:59 CST 2019]; root of context hierarchy
Building JPA container EntityManagerFactory for persistence unit 'default'
HHH000204: Processing PersistenceUnitInfo [
	name: default
	...]
HHH000412: Hibernate Core {5.0.12.Final}
HHH000206: hibernate.properties not found
HHH000021: Bytecode provider name : javassist
HCANN000001: Hibernate Commons Annotations {5.0.1.Final}
HHH000400: Using dialect: org.hibernate.dialect.MySQL5Dialect
Initialized JPA EntityManagerFactory for persistence unit 'default'
Started CategoryServiceImplTest in 7.907 seconds (JVM running for 10.048)
HHH000397: Using ASTQueryTranslatorFactory
Closing org.springframework.context.annotation.AnnotationConfigApplicationContext@5d0bf09b: startup date [Tue Jul 09 22:22:59 CST 2019]; root of context hierarchy
Closing JPA EntityManagerFactory for persistence unit 'default'
